CRITICAL - 2023-01-29 08:30:53 --> Undefined array key "user"
#0 C:\xampp\htdocs\eternity\app\Controllers\User.php(715): CodeIgniter\Debug\Exceptions->errorHandler(2, 'Undefined array...', 'C:\\xampp\\htdocs...', 715)
#1 C:\xampp\htdocs\eternity\system\CodeIgniter.php(824): App\Controllers\User->StudViewGuidance()
#2 C:\xampp\htdocs\eternity\system\CodeIgniter.php(410): CodeIgniter\CodeIgniter->runController(Object(App\Controllers\User))
#3 C:\xampp\htdocs\eternity\system\CodeIgniter.php(318): CodeIgniter\CodeIgniter->handleRequest(NULL, Object(Config\Cache), false)
#4 C:\xampp\htdocs\eternity\index.php(37): CodeIgniter\CodeIgniter->run()
#5 {main}
CRITICAL - 2023-01-29 08:32:33 --> Undefined array key "user"
#0 C:\xampp\htdocs\eternity\app\Controllers\User.php(715): CodeIgniter\Debug\Exceptions->errorHandler(2, 'Undefined array...', 'C:\\xampp\\htdocs...', 715)
#1 C:\xampp\htdocs\eternity\system\CodeIgniter.php(824): App\Controllers\User->StudViewGuidance()
#2 C:\xampp\htdocs\eternity\system\CodeIgniter.php(410): CodeIgniter\CodeIgniter->runController(Object(App\Controllers\User))
#3 C:\xampp\htdocs\eternity\system\CodeIgniter.php(318): CodeIgniter\CodeIgniter->handleRequest(NULL, Object(Config\Cache), false)
#4 C:\xampp\htdocs\eternity\index.php(37): CodeIgniter\CodeIgniter->run()
#5 {main}
CRITICAL - 2023-01-29 08:32:36 --> Undefined array key "user"
#0 C:\xampp\htdocs\eternity\app\Controllers\User.php(715): CodeIgniter\Debug\Exceptions->errorHandler(2, 'Undefined array...', 'C:\\xampp\\htdocs...', 715)
#1 C:\xampp\htdocs\eternity\system\CodeIgniter.php(824): App\Controllers\User->StudViewGuidance()
#2 C:\xampp\htdocs\eternity\system\CodeIgniter.php(410): CodeIgniter\CodeIgniter->runController(Object(App\Controllers\User))
#3 C:\xampp\htdocs\eternity\system\CodeIgniter.php(318): CodeIgniter\CodeIgniter->handleRequest(NULL, Object(Config\Cache), false)
#4 C:\xampp\htdocs\eternity\index.php(37): CodeIgniter\CodeIgniter->run()
#5 {main}
CRITICAL - 2023-01-29 08:36:45 --> Undefined array key "user"
#0 C:\xampp\htdocs\eternity\app\Controllers\User.php(715): CodeIgniter\Debug\Exceptions->errorHandler(2, 'Undefined array...', 'C:\\xampp\\htdocs...', 715)
#1 C:\xampp\htdocs\eternity\system\CodeIgniter.php(824): App\Controllers\User->StudViewGuidance()
#2 C:\xampp\htdocs\eternity\system\CodeIgniter.php(410): CodeIgniter\CodeIgniter->runController(Object(App\Controllers\User))
#3 C:\xampp\htdocs\eternity\system\CodeIgniter.php(318): CodeIgniter\CodeIgniter->handleRequest(NULL, Object(Config\Cache), false)
#4 C:\xampp\htdocs\eternity\index.php(37): CodeIgniter\CodeIgniter->run()
#5 {main}
CRITICAL - 2023-01-29 08:36:48 --> Undefined array key "user"
#0 C:\xampp\htdocs\eternity\app\Controllers\User.php(715): CodeIgniter\Debug\Exceptions->errorHandler(2, 'Undefined array...', 'C:\\xampp\\htdocs...', 715)
#1 C:\xampp\htdocs\eternity\system\CodeIgniter.php(824): App\Controllers\User->StudViewGuidance()
#2 C:\xampp\htdocs\eternity\system\CodeIgniter.php(410): CodeIgniter\CodeIgniter->runController(Object(App\Controllers\User))
#3 C:\xampp\htdocs\eternity\system\CodeIgniter.php(318): CodeIgniter\CodeIgniter->handleRequest(NULL, Object(Config\Cache), false)
#4 C:\xampp\htdocs\eternity\index.php(37): CodeIgniter\CodeIgniter->run()
#5 {main}
CRITICAL - 2023-01-29 08:36:48 --> Undefined array key "user"
#0 C:\xampp\htdocs\eternity\app\Controllers\User.php(715): CodeIgniter\Debug\Exceptions->errorHandler(2, 'Undefined array...', 'C:\\xampp\\htdocs...', 715)
#1 C:\xampp\htdocs\eternity\system\CodeIgniter.php(824): App\Controllers\User->StudViewGuidance()
#2 C:\xampp\htdocs\eternity\system\CodeIgniter.php(410): CodeIgniter\CodeIgniter->runController(Object(App\Controllers\User))
#3 C:\xampp\htdocs\eternity\system\CodeIgniter.php(318): CodeIgniter\CodeIgniter->handleRequest(NULL, Object(Config\Cache), false)
#4 C:\xampp\htdocs\eternity\index.php(37): CodeIgniter\CodeIgniter->run()
#5 {main}
CRITICAL - 2023-01-29 08:36:48 --> Undefined array key "user"
#0 C:\xampp\htdocs\eternity\app\Controllers\User.php(715): CodeIgniter\Debug\Exceptions->errorHandler(2, 'Undefined array...', 'C:\\xampp\\htdocs...', 715)
#1 C:\xampp\htdocs\eternity\system\CodeIgniter.php(824): App\Controllers\User->StudViewGuidance()
#2 C:\xampp\htdocs\eternity\system\CodeIgniter.php(410): CodeIgniter\CodeIgniter->runController(Object(App\Controllers\User))
#3 C:\xampp\htdocs\eternity\system\CodeIgniter.php(318): CodeIgniter\CodeIgniter->handleRequest(NULL, Object(Config\Cache), false)
#4 C:\xampp\htdocs\eternity\index.php(37): CodeIgniter\CodeIgniter->run()
#5 {main}
CRITICAL - 2023-01-29 08:39:14 --> Undefined array key "user"
#0 C:\xampp\htdocs\eternity\app\Controllers\User.php(714): CodeIgniter\Debug\Exceptions->errorHandler(2, 'Undefined array...', 'C:\\xampp\\htdocs...', 714)
#1 C:\xampp\htdocs\eternity\system\CodeIgniter.php(824): App\Controllers\User->StudViewGuidance()
#2 C:\xampp\htdocs\eternity\system\CodeIgniter.php(410): CodeIgniter\CodeIgniter->runController(Object(App\Controllers\User))
#3 C:\xampp\htdocs\eternity\system\CodeIgniter.php(318): CodeIgniter\CodeIgniter->handleRequest(NULL, Object(Config\Cache), false)
#4 C:\xampp\htdocs\eternity\index.php(37): CodeIgniter\CodeIgniter->run()
#5 {main}
CRITICAL - 2023-01-29 08:39:15 --> Undefined array key "user"
#0 C:\xampp\htdocs\eternity\app\Controllers\User.php(714): CodeIgniter\Debug\Exceptions->errorHandler(2, 'Undefined array...', 'C:\\xampp\\htdocs...', 714)
#1 C:\xampp\htdocs\eternity\system\CodeIgniter.php(824): App\Controllers\User->StudViewGuidance()
#2 C:\xampp\htdocs\eternity\system\CodeIgniter.php(410): CodeIgniter\CodeIgniter->runController(Object(App\Controllers\User))
#3 C:\xampp\htdocs\eternity\system\CodeIgniter.php(318): CodeIgniter\CodeIgniter->handleRequest(NULL, Object(Config\Cache), false)
#4 C:\xampp\htdocs\eternity\index.php(37): CodeIgniter\CodeIgniter->run()
#5 {main}
CRITICAL - 2023-01-29 08:39:15 --> Undefined array key "user"
#0 C:\xampp\htdocs\eternity\app\Controllers\User.php(714): CodeIgniter\Debug\Exceptions->errorHandler(2, 'Undefined array...', 'C:\\xampp\\htdocs...', 714)
#1 C:\xampp\htdocs\eternity\system\CodeIgniter.php(824): App\Controllers\User->StudViewGuidance()
#2 C:\xampp\htdocs\eternity\system\CodeIgniter.php(410): CodeIgniter\CodeIgniter->runController(Object(App\Controllers\User))
#3 C:\xampp\htdocs\eternity\system\CodeIgniter.php(318): CodeIgniter\CodeIgniter->handleRequest(NULL, Object(Config\Cache), false)
#4 C:\xampp\htdocs\eternity\index.php(37): CodeIgniter\CodeIgniter->run()
#5 {main}
CRITICAL - 2023-01-29 08:39:15 --> Undefined array key "user"
#0 C:\xampp\htdocs\eternity\app\Controllers\User.php(714): CodeIgniter\Debug\Exceptions->errorHandler(2, 'Undefined array...', 'C:\\xampp\\htdocs...', 714)
#1 C:\xampp\htdocs\eternity\system\CodeIgniter.php(824): App\Controllers\User->StudViewGuidance()
#2 C:\xampp\htdocs\eternity\system\CodeIgniter.php(410): CodeIgniter\CodeIgniter->runController(Object(App\Controllers\User))
#3 C:\xampp\htdocs\eternity\system\CodeIgniter.php(318): CodeIgniter\CodeIgniter->handleRequest(NULL, Object(Config\Cache), false)
#4 C:\xampp\htdocs\eternity\index.php(37): CodeIgniter\CodeIgniter->run()
#5 {main}
CRITICAL - 2023-01-29 08:40:24 --> You must set the database table to be used with your query.
#0 C:\xampp\htdocs\eternity\system\Model.php(545): CodeIgniter\Database\BaseConnection->table(NULL)
#1 C:\xampp\htdocs\eternity\system\Model.php(717): CodeIgniter\Model->builder()
#2 C:\xampp\htdocs\eternity\app\Controllers\User.php(577): CodeIgniter\Model->__call('EditpersonProfi...', Array)
#3 C:\xampp\htdocs\eternity\system\CodeIgniter.php(824): App\Controllers\User->EditpersonProfile('5')
#4 C:\xampp\htdocs\eternity\system\CodeIgniter.php(410): CodeIgniter\CodeIgniter->runController(Object(App\Controllers\User))
#5 C:\xampp\htdocs\eternity\system\CodeIgniter.php(318): CodeIgniter\CodeIgniter->handleRequest(NULL, Object(Config\Cache), false)
#6 C:\xampp\htdocs\eternity\index.php(37): CodeIgniter\CodeIgniter->run()
#7 {main}
CRITICAL - 2023-01-29 09:02:38 --> You must set the database table to be used with your query.
#0 C:\xampp\htdocs\eternity\system\Model.php(545): CodeIgniter\Database\BaseConnection->table(NULL)
#1 C:\xampp\htdocs\eternity\system\Model.php(717): CodeIgniter\Model->builder()
#2 C:\xampp\htdocs\eternity\app\Controllers\User.php(577): CodeIgniter\Model->__call('EditpersonProfi...', Array)
#3 C:\xampp\htdocs\eternity\system\CodeIgniter.php(824): App\Controllers\User->EditpersonProfile('5')
#4 C:\xampp\htdocs\eternity\system\CodeIgniter.php(410): CodeIgniter\CodeIgniter->runController(Object(App\Controllers\User))
#5 C:\xampp\htdocs\eternity\system\CodeIgniter.php(318): CodeIgniter\CodeIgniter->handleRequest(NULL, Object(Config\Cache), false)
#6 C:\xampp\htdocs\eternity\index.php(37): CodeIgniter\CodeIgniter->run()
#7 {main}
CRITICAL - 2023-01-29 09:05:51 --> You must set the database table to be used with your query.
#0 C:\xampp\htdocs\eternity\system\Model.php(545): CodeIgniter\Database\BaseConnection->table(NULL)
#1 C:\xampp\htdocs\eternity\system\Model.php(717): CodeIgniter\Model->builder()
#2 C:\xampp\htdocs\eternity\app\Controllers\User.php(577): CodeIgniter\Model->__call('EditpersonProfi...', Array)
#3 C:\xampp\htdocs\eternity\system\CodeIgniter.php(824): App\Controllers\User->EditpersonProfile('5')
#4 C:\xampp\htdocs\eternity\system\CodeIgniter.php(410): CodeIgniter\CodeIgniter->runController(Object(App\Controllers\User))
#5 C:\xampp\htdocs\eternity\system\CodeIgniter.php(318): CodeIgniter\CodeIgniter->handleRequest(NULL, Object(Config\Cache), false)
#6 C:\xampp\htdocs\eternity\index.php(37): CodeIgniter\CodeIgniter->run()
#7 {main}
CRITICAL - 2023-01-29 09:07:33 --> You must set the database table to be used with your query.
#0 C:\xampp\htdocs\eternity\system\Model.php(545): CodeIgniter\Database\BaseConnection->table(NULL)
#1 C:\xampp\htdocs\eternity\system\Model.php(717): CodeIgniter\Model->builder()
#2 C:\xampp\htdocs\eternity\app\Controllers\User.php(577): CodeIgniter\Model->__call('EditpersonProfi...', Array)
#3 C:\xampp\htdocs\eternity\system\CodeIgniter.php(824): App\Controllers\User->EditpersonProfile('5')
#4 C:\xampp\htdocs\eternity\system\CodeIgniter.php(410): CodeIgniter\CodeIgniter->runController(Object(App\Controllers\User))
#5 C:\xampp\htdocs\eternity\system\CodeIgniter.php(318): CodeIgniter\CodeIgniter->handleRequest(NULL, Object(Config\Cache), false)
#6 C:\xampp\htdocs\eternity\index.php(37): CodeIgniter\CodeIgniter->run()
#7 {main}
CRITICAL - 2023-01-29 09:13:07 --> You must set the database table to be used with your query.
#0 C:\xampp\htdocs\eternity\system\Model.php(545): CodeIgniter\Database\BaseConnection->table(NULL)
#1 C:\xampp\htdocs\eternity\system\Model.php(717): CodeIgniter\Model->builder()
#2 C:\xampp\htdocs\eternity\app\Controllers\User.php(577): CodeIgniter\Model->__call('EditpersonProfi...', Array)
#3 C:\xampp\htdocs\eternity\system\CodeIgniter.php(824): App\Controllers\User->EditpersonProfile('5')
#4 C:\xampp\htdocs\eternity\system\CodeIgniter.php(410): CodeIgniter\CodeIgniter->runController(Object(App\Controllers\User))
#5 C:\xampp\htdocs\eternity\system\CodeIgniter.php(318): CodeIgniter\CodeIgniter->handleRequest(NULL, Object(Config\Cache), false)
#6 C:\xampp\htdocs\eternity\index.php(37): CodeIgniter\CodeIgniter->run()
#7 {main}
CRITICAL - 2023-01-29 09:13:10 --> Undefined array key 0
#0 C:\xampp\htdocs\eternity\app\Controllers\User.php(365): CodeIgniter\Debug\Exceptions->errorHandler(2, 'Undefined array...', 'C:\\xampp\\htdocs...', 365)
#1 C:\xampp\htdocs\eternity\app\Controllers\User.php(144): App\Controllers\User->CompanyProfile()
#2 C:\xampp\htdocs\eternity\system\CodeIgniter.php(824): App\Controllers\User->login_page()
#3 C:\xampp\htdocs\eternity\system\CodeIgniter.php(410): CodeIgniter\CodeIgniter->runController(Object(App\Controllers\User))
#4 C:\xampp\htdocs\eternity\system\CodeIgniter.php(318): CodeIgniter\CodeIgniter->handleRequest(NULL, Object(Config\Cache), false)
#5 C:\xampp\htdocs\eternity\index.php(37): CodeIgniter\CodeIgniter->run()
#6 {main}
CRITICAL - 2023-01-29 09:20:44 --> You must set the database table to be used with your query.
#0 C:\xampp\htdocs\eternity\system\Model.php(545): CodeIgniter\Database\BaseConnection->table(NULL)
#1 C:\xampp\htdocs\eternity\system\Model.php(717): CodeIgniter\Model->builder()
#2 C:\xampp\htdocs\eternity\app\Controllers\User.php(577): CodeIgniter\Model->__call('EditpersonProfi...', Array)
#3 C:\xampp\htdocs\eternity\system\CodeIgniter.php(824): App\Controllers\User->EditpersonProfile('5')
#4 C:\xampp\htdocs\eternity\system\CodeIgniter.php(410): CodeIgniter\CodeIgniter->runController(Object(App\Controllers\User))
#5 C:\xampp\htdocs\eternity\system\CodeIgniter.php(318): CodeIgniter\CodeIgniter->handleRequest(NULL, Object(Config\Cache), false)
#6 C:\xampp\htdocs\eternity\index.php(37): CodeIgniter\CodeIgniter->run()
#7 {main}
CRITICAL - 2023-01-29 19:23:11 --> You must set the database table to be used with your query.
#0 C:\xampp\htdocs\eternity\system\Model.php(545): CodeIgniter\Database\BaseConnection->table(NULL)
#1 C:\xampp\htdocs\eternity\system\Model.php(717): CodeIgniter\Model->builder()
#2 C:\xampp\htdocs\eternity\app\Controllers\User.php(577): CodeIgniter\Model->__call('EditpersonProfi...', Array)
#3 C:\xampp\htdocs\eternity\system\CodeIgniter.php(824): App\Controllers\User->EditpersonProfile('9')
#4 C:\xampp\htdocs\eternity\system\CodeIgniter.php(410): CodeIgniter\CodeIgniter->runController(Object(App\Controllers\User))
#5 C:\xampp\htdocs\eternity\system\CodeIgniter.php(318): CodeIgniter\CodeIgniter->handleRequest(NULL, Object(Config\Cache), false)
#6 C:\xampp\htdocs\eternity\index.php(37): CodeIgniter\CodeIgniter->run()
#7 {main}
CRITICAL - 2023-01-29 19:25:12 --> Undefined property: stdClass::$gender
#0 C:\xampp\htdocs\eternity\app\Views\editPersonProfile.php(39): CodeIgniter\Debug\Exceptions->errorHandler(2, 'Undefined prope...', 'C:\\xampp\\htdocs...', 39)
#1 C:\xampp\htdocs\eternity\system\View\View.php(214): include('C:\\xampp\\htdocs...')
#2 C:\xampp\htdocs\eternity\system\View\View.php(217): CodeIgniter\View\View->CodeIgniter\View\{closure}()
#3 C:\xampp\htdocs\eternity\system\Common.php(1097): CodeIgniter\View\View->render('editPersonProfi...', Array, true)
#4 C:\xampp\htdocs\eternity\app\Controllers\User.php(578): view('editPersonProfi...', Array)
#5 C:\xampp\htdocs\eternity\system\CodeIgniter.php(824): App\Controllers\User->EditpersonProfile('9')
#6 C:\xampp\htdocs\eternity\system\CodeIgniter.php(410): CodeIgniter\CodeIgniter->runController(Object(App\Controllers\User))
#7 C:\xampp\htdocs\eternity\system\CodeIgniter.php(318): CodeIgniter\CodeIgniter->handleRequest(NULL, Object(Config\Cache), false)
#8 C:\xampp\htdocs\eternity\index.php(37): CodeIgniter\CodeIgniter->run()
#9 {main}
CRITICAL - 2023-01-29 19:26:33 --> Undefined property: stdClass::$p_gender
#0 C:\xampp\htdocs\eternity\app\Views\editPersonProfile.php(39): CodeIgniter\Debug\Exceptions->errorHandler(2, 'Undefined prope...', 'C:\\xampp\\htdocs...', 39)
#1 C:\xampp\htdocs\eternity\system\View\View.php(214): include('C:\\xampp\\htdocs...')
#2 C:\xampp\htdocs\eternity\system\View\View.php(217): CodeIgniter\View\View->CodeIgniter\View\{closure}()
#3 C:\xampp\htdocs\eternity\system\Common.php(1097): CodeIgniter\View\View->render('editPersonProfi...', Array, true)
#4 C:\xampp\htdocs\eternity\app\Controllers\User.php(578): view('editPersonProfi...', Array)
#5 C:\xampp\htdocs\eternity\system\CodeIgniter.php(824): App\Controllers\User->EditpersonProfile('9')
#6 C:\xampp\htdocs\eternity\system\CodeIgniter.php(410): CodeIgniter\CodeIgniter->runController(Object(App\Controllers\User))
#7 C:\xampp\htdocs\eternity\system\CodeIgniter.php(318): CodeIgniter\CodeIgniter->handleRequest(NULL, Object(Config\Cache), false)
#8 C:\xampp\htdocs\eternity\index.php(37): CodeIgniter\CodeIgniter->run()
#9 {main}
CRITICAL - 2023-01-29 20:17:12 --> Unmatched '}'
#0 C:\xampp\htdocs\eternity\system\View\View.php(217): CodeIgniter\View\View->CodeIgniter\View\{closure}()
#1 C:\xampp\htdocs\eternity\system\Common.php(1097): CodeIgniter\View\View->render('editPersonProfi...', Array, true)
#2 C:\xampp\htdocs\eternity\app\Controllers\User.php(578): view('editPersonProfi...', Array)
#3 C:\xampp\htdocs\eternity\system\CodeIgniter.php(824): App\Controllers\User->EditpersonProfile('9')
#4 C:\xampp\htdocs\eternity\system\CodeIgniter.php(410): CodeIgniter\CodeIgniter->runController(Object(App\Controllers\User))
#5 C:\xampp\htdocs\eternity\system\CodeIgniter.php(318): CodeIgniter\CodeIgniter->handleRequest(NULL, Object(Config\Cache), false)
#6 C:\xampp\htdocs\eternity\index.php(37): CodeIgniter\CodeIgniter->run()
#7 {main}
