CRITICAL - 2023-01-04 06:15:54 --> Undefined array key "user"
#0 C:\xampp\htdocs\eternity\app\Controllers\User.php(715): CodeIgniter\Debug\Exceptions->errorHandler(2, 'Undefined array...', 'C:\\xampp\\htdocs...', 715)
#1 C:\xampp\htdocs\eternity\system\CodeIgniter.php(824): App\Controllers\User->std_viewProffetionals()
#2 C:\xampp\htdocs\eternity\system\CodeIgniter.php(410): CodeIgniter\CodeIgniter->runController(Object(App\Controllers\User))
#3 C:\xampp\htdocs\eternity\system\CodeIgniter.php(318): CodeIgniter\CodeIgniter->handleRequest(NULL, Object(Config\Cache), false)
#4 C:\xampp\htdocs\eternity\index.php(37): CodeIgniter\CodeIgniter->run()
#5 {main}
CRITICAL - 2023-01-04 06:19:15 --> Undefined array key "user"
#0 C:\xampp\htdocs\eternity\app\Controllers\User.php(714): CodeIgniter\Debug\Exceptions->errorHandler(2, 'Undefined array...', 'C:\\xampp\\htdocs...', 714)
#1 C:\xampp\htdocs\eternity\system\CodeIgniter.php(824): App\Controllers\User->std_viewProffetionals()
#2 C:\xampp\htdocs\eternity\system\CodeIgniter.php(410): CodeIgniter\CodeIgniter->runController(Object(App\Controllers\User))
#3 C:\xampp\htdocs\eternity\system\CodeIgniter.php(318): CodeIgniter\CodeIgniter->handleRequest(NULL, Object(Config\Cache), false)
#4 C:\xampp\htdocs\eternity\index.php(37): CodeIgniter\CodeIgniter->run()
#5 {main}
CRITICAL - 2023-01-04 06:19:21 --> Undefined array key "user"
#0 C:\xampp\htdocs\eternity\app\Controllers\User.php(714): CodeIgniter\Debug\Exceptions->errorHandler(2, 'Undefined array...', 'C:\\xampp\\htdocs...', 714)
#1 C:\xampp\htdocs\eternity\system\CodeIgniter.php(824): App\Controllers\User->std_viewProffetionals()
#2 C:\xampp\htdocs\eternity\system\CodeIgniter.php(410): CodeIgniter\CodeIgniter->runController(Object(App\Controllers\User))
#3 C:\xampp\htdocs\eternity\system\CodeIgniter.php(318): CodeIgniter\CodeIgniter->handleRequest(NULL, Object(Config\Cache), false)
#4 C:\xampp\htdocs\eternity\index.php(37): CodeIgniter\CodeIgniter->run()
#5 {main}
CRITICAL - 2023-01-04 06:19:21 --> Undefined array key "user"
#0 C:\xampp\htdocs\eternity\app\Controllers\User.php(714): CodeIgniter\Debug\Exceptions->errorHandler(2, 'Undefined array...', 'C:\\xampp\\htdocs...', 714)
#1 C:\xampp\htdocs\eternity\system\CodeIgniter.php(824): App\Controllers\User->std_viewProffetionals()
#2 C:\xampp\htdocs\eternity\system\CodeIgniter.php(410): CodeIgniter\CodeIgniter->runController(Object(App\Controllers\User))
#3 C:\xampp\htdocs\eternity\system\CodeIgniter.php(318): CodeIgniter\CodeIgniter->handleRequest(NULL, Object(Config\Cache), false)
#4 C:\xampp\htdocs\eternity\index.php(37): CodeIgniter\CodeIgniter->run()
#5 {main}
CRITICAL - 2023-01-04 06:19:21 --> Undefined array key "user"
#0 C:\xampp\htdocs\eternity\app\Controllers\User.php(714): CodeIgniter\Debug\Exceptions->errorHandler(2, 'Undefined array...', 'C:\\xampp\\htdocs...', 714)
#1 C:\xampp\htdocs\eternity\system\CodeIgniter.php(824): App\Controllers\User->std_viewProffetionals()
#2 C:\xampp\htdocs\eternity\system\CodeIgniter.php(410): CodeIgniter\CodeIgniter->runController(Object(App\Controllers\User))
#3 C:\xampp\htdocs\eternity\system\CodeIgniter.php(318): CodeIgniter\CodeIgniter->handleRequest(NULL, Object(Config\Cache), false)
#4 C:\xampp\htdocs\eternity\index.php(37): CodeIgniter\CodeIgniter->run()
#5 {main}
CRITICAL - 2023-01-04 06:19:21 --> Undefined array key "user"
#0 C:\xampp\htdocs\eternity\app\Controllers\User.php(714): CodeIgniter\Debug\Exceptions->errorHandler(2, 'Undefined array...', 'C:\\xampp\\htdocs...', 714)
#1 C:\xampp\htdocs\eternity\system\CodeIgniter.php(824): App\Controllers\User->std_viewProffetionals()
#2 C:\xampp\htdocs\eternity\system\CodeIgniter.php(410): CodeIgniter\CodeIgniter->runController(Object(App\Controllers\User))
#3 C:\xampp\htdocs\eternity\system\CodeIgniter.php(318): CodeIgniter\CodeIgniter->handleRequest(NULL, Object(Config\Cache), false)
#4 C:\xampp\htdocs\eternity\index.php(37): CodeIgniter\CodeIgniter->run()
#5 {main}
CRITICAL - 2023-01-04 06:19:22 --> Undefined array key "user"
#0 C:\xampp\htdocs\eternity\app\Controllers\User.php(699): CodeIgniter\Debug\Exceptions->errorHandler(2, 'Undefined array...', 'C:\\xampp\\htdocs...', 699)
#1 C:\xampp\htdocs\eternity\system\CodeIgniter.php(824): App\Controllers\User->StudViewGuidance()
#2 C:\xampp\htdocs\eternity\system\CodeIgniter.php(410): CodeIgniter\CodeIgniter->runController(Object(App\Controllers\User))
#3 C:\xampp\htdocs\eternity\system\CodeIgniter.php(318): CodeIgniter\CodeIgniter->handleRequest(NULL, Object(Config\Cache), false)
#4 C:\xampp\htdocs\eternity\index.php(37): CodeIgniter\CodeIgniter->run()
#5 {main}
CRITICAL - 2023-01-04 23:33:53 --> Undefined variable $data
#0 C:\xampp\htdocs\eternity\app\Views\job_section.php(50): CodeIgniter\Debug\Exceptions->errorHandler(2, 'Undefined varia...', 'C:\\xampp\\htdocs...', 50)
#1 C:\xampp\htdocs\eternity\system\View\View.php(214): include('C:\\xampp\\htdocs...')
#2 C:\xampp\htdocs\eternity\system\View\View.php(217): CodeIgniter\View\View->CodeIgniter\View\{closure}()
#3 C:\xampp\htdocs\eternity\system\Common.php(1097): CodeIgniter\View\View->render('job_section', Array, true)
#4 C:\xampp\htdocs\eternity\app\Controllers\User.php(24): view('job_section')
#5 C:\xampp\htdocs\eternity\system\CodeIgniter.php(824): App\Controllers\User->job()
#6 C:\xampp\htdocs\eternity\system\CodeIgniter.php(410): CodeIgniter\CodeIgniter->runController(Object(App\Controllers\User))
#7 C:\xampp\htdocs\eternity\system\CodeIgniter.php(318): CodeIgniter\CodeIgniter->handleRequest(NULL, Object(Config\Cache), false)
#8 C:\xampp\htdocs\eternity\index.php(37): CodeIgniter\CodeIgniter->run()
#9 {main}
CRITICAL - 2023-01-04 23:33:59 --> Undefined array key "user"
#0 C:\xampp\htdocs\eternity\app\Controllers\User.php(669): CodeIgniter\Debug\Exceptions->errorHandler(2, 'Undefined array...', 'C:\\xampp\\htdocs...', 669)
#1 C:\xampp\htdocs\eternity\system\CodeIgniter.php(824): App\Controllers\User->ProffetionalProfile()
#2 C:\xampp\htdocs\eternity\system\CodeIgniter.php(410): CodeIgniter\CodeIgniter->runController(Object(App\Controllers\User))
#3 C:\xampp\htdocs\eternity\system\CodeIgniter.php(318): CodeIgniter\CodeIgniter->handleRequest(NULL, Object(Config\Cache), false)
#4 C:\xampp\htdocs\eternity\index.php(37): CodeIgniter\CodeIgniter->run()
#5 {main}
CRITICAL - 2023-01-04 23:49:05 --> Undefined array key 0
#0 C:\xampp\htdocs\eternity\app\Controllers\User.php(363): CodeIgniter\Debug\Exceptions->errorHandler(2, 'Undefined array...', 'C:\\xampp\\htdocs...', 363)
#1 C:\xampp\htdocs\eternity\app\Controllers\User.php(144): App\Controllers\User->CompanyProfile()
#2 C:\xampp\htdocs\eternity\app\Controllers\User.php(254): App\Controllers\User->login_page()
#3 C:\xampp\htdocs\eternity\system\CodeIgniter.php(824): App\Controllers\User->insert_person_profile()
#4 C:\xampp\htdocs\eternity\system\CodeIgniter.php(410): CodeIgniter\CodeIgniter->runController(Object(App\Controllers\User))
#5 C:\xampp\htdocs\eternity\system\CodeIgniter.php(318): CodeIgniter\CodeIgniter->handleRequest(NULL, Object(Config\Cache), false)
#6 C:\xampp\htdocs\eternity\index.php(37): CodeIgniter\CodeIgniter->run()
#7 {main}
