CRITICAL - 2023-01-02 00:47:03 --> Unclosed '{' on line 31
#0 C:\xampp\htdocs\eternity\system\View\View.php(217): CodeIgniter\View\View->CodeIgniter\View\{closure}()
#1 C:\xampp\htdocs\eternity\system\Common.php(1097): CodeIgniter\View\View->render('jobpost_table', Array, true)
#2 C:\xampp\htdocs\eternity\app\Controllers\User.php(420): view('jobpost_table', Array)
#3 C:\xampp\htdocs\eternity\system\CodeIgniter.php(824): App\Controllers\User->jobtable()
#4 C:\xampp\htdocs\eternity\system\CodeIgniter.php(410): CodeIgniter\CodeIgniter->runController(Object(App\Controllers\User))
#5 C:\xampp\htdocs\eternity\system\CodeIgniter.php(318): CodeIgniter\CodeIgniter->handleRequest(NULL, Object(Config\Cache), false)
#6 C:\xampp\htdocs\eternity\index.php(37): CodeIgniter\CodeIgniter->run()
#7 {main}
CRITICAL - 2023-01-02 00:47:41 --> Undefined variable $value
#0 C:\xampp\htdocs\eternity\app\Views\jobpost_table.php(45): CodeIgniter\Debug\Exceptions->errorHandler(2, 'Undefined varia...', 'C:\\xampp\\htdocs...', 45)
#1 C:\xampp\htdocs\eternity\system\View\View.php(214): include('C:\\xampp\\htdocs...')
#2 C:\xampp\htdocs\eternity\system\View\View.php(217): CodeIgniter\View\View->CodeIgniter\View\{closure}()
#3 C:\xampp\htdocs\eternity\system\Common.php(1097): CodeIgniter\View\View->render('jobpost_table', Array, true)
#4 C:\xampp\htdocs\eternity\app\Controllers\User.php(420): view('jobpost_table', Array)
#5 C:\xampp\htdocs\eternity\system\CodeIgniter.php(824): App\Controllers\User->jobtable()
#6 C:\xampp\htdocs\eternity\system\CodeIgniter.php(410): CodeIgniter\CodeIgniter->runController(Object(App\Controllers\User))
#7 C:\xampp\htdocs\eternity\system\CodeIgniter.php(318): CodeIgniter\CodeIgniter->handleRequest(NULL, Object(Config\Cache), false)
#8 C:\xampp\htdocs\eternity\index.php(37): CodeIgniter\CodeIgniter->run()
#9 {main}
CRITICAL - 2023-01-02 03:35:03 --> Undefined array key "user"
#0 C:\xampp\htdocs\eternity\app\Controllers\User.php(665): CodeIgniter\Debug\Exceptions->errorHandler(2, 'Undefined array...', 'C:\\xampp\\htdocs...', 665)
#1 C:\xampp\htdocs\eternity\system\CodeIgniter.php(824): App\Controllers\User->ProffetionalProfile()
#2 C:\xampp\htdocs\eternity\system\CodeIgniter.php(410): CodeIgniter\CodeIgniter->runController(Object(App\Controllers\User))
#3 C:\xampp\htdocs\eternity\system\CodeIgniter.php(318): CodeIgniter\CodeIgniter->handleRequest(NULL, Object(Config\Cache), false)
#4 C:\xampp\htdocs\eternity\index.php(37): CodeIgniter\CodeIgniter->run()
#5 {main}
CRITICAL - 2023-01-02 03:35:41 --> Undefined array key "user"
#0 C:\xampp\htdocs\eternity\app\Controllers\User.php(665): CodeIgniter\Debug\Exceptions->errorHandler(2, 'Undefined array...', 'C:\\xampp\\htdocs...', 665)
#1 C:\xampp\htdocs\eternity\system\CodeIgniter.php(824): App\Controllers\User->ProffetionalProfile()
#2 C:\xampp\htdocs\eternity\system\CodeIgniter.php(410): CodeIgniter\CodeIgniter->runController(Object(App\Controllers\User))
#3 C:\xampp\htdocs\eternity\system\CodeIgniter.php(318): CodeIgniter\CodeIgniter->handleRequest(NULL, Object(Config\Cache), false)
#4 C:\xampp\htdocs\eternity\index.php(37): CodeIgniter\CodeIgniter->run()
#5 {main}
CRITICAL - 2023-01-02 03:35:43 --> Undefined array key "user"
#0 C:\xampp\htdocs\eternity\app\Controllers\User.php(665): CodeIgniter\Debug\Exceptions->errorHandler(2, 'Undefined array...', 'C:\\xampp\\htdocs...', 665)
#1 C:\xampp\htdocs\eternity\system\CodeIgniter.php(824): App\Controllers\User->ProffetionalProfile()
#2 C:\xampp\htdocs\eternity\system\CodeIgniter.php(410): CodeIgniter\CodeIgniter->runController(Object(App\Controllers\User))
#3 C:\xampp\htdocs\eternity\system\CodeIgniter.php(318): CodeIgniter\CodeIgniter->handleRequest(NULL, Object(Config\Cache), false)
#4 C:\xampp\htdocs\eternity\index.php(37): CodeIgniter\CodeIgniter->run()
#5 {main}
CRITICAL - 2023-01-02 03:35:44 --> Undefined array key "user"
#0 C:\xampp\htdocs\eternity\app\Controllers\User.php(665): CodeIgniter\Debug\Exceptions->errorHandler(2, 'Undefined array...', 'C:\\xampp\\htdocs...', 665)
#1 C:\xampp\htdocs\eternity\system\CodeIgniter.php(824): App\Controllers\User->ProffetionalProfile()
#2 C:\xampp\htdocs\eternity\system\CodeIgniter.php(410): CodeIgniter\CodeIgniter->runController(Object(App\Controllers\User))
#3 C:\xampp\htdocs\eternity\system\CodeIgniter.php(318): CodeIgniter\CodeIgniter->handleRequest(NULL, Object(Config\Cache), false)
#4 C:\xampp\htdocs\eternity\index.php(37): CodeIgniter\CodeIgniter->run()
#5 {main}
CRITICAL - 2023-01-02 07:48:57 --> Undefined array key "user"
#0 C:\xampp\htdocs\eternity\app\Controllers\User.php(669): CodeIgniter\Debug\Exceptions->errorHandler(2, 'Undefined array...', 'C:\\xampp\\htdocs...', 669)
#1 C:\xampp\htdocs\eternity\system\CodeIgniter.php(824): App\Controllers\User->ProffetionalProfile()
#2 C:\xampp\htdocs\eternity\system\CodeIgniter.php(410): CodeIgniter\CodeIgniter->runController(Object(App\Controllers\User))
#3 C:\xampp\htdocs\eternity\system\CodeIgniter.php(318): CodeIgniter\CodeIgniter->handleRequest(NULL, Object(Config\Cache), false)
#4 C:\xampp\htdocs\eternity\index.php(37): CodeIgniter\CodeIgniter->run()
#5 {main}
