CRITICAL - 2023-01-01 02:11:54 --> Unclosed '{' on line 79
#0 C:\xampp\htdocs\eternity\system\View\View.php(217): CodeIgniter\View\View->CodeIgniter\View\{closure}()
#1 C:\xampp\htdocs\eternity\system\Common.php(1097): CodeIgniter\View\View->render('job_section', Array, true)
#2 C:\xampp\htdocs\eternity\app\Controllers\User.php(657): view('job_section', Array)
#3 C:\xampp\htdocs\eternity\system\CodeIgniter.php(824): App\Controllers\User->ProffetionalProfile()
#4 C:\xampp\htdocs\eternity\system\CodeIgniter.php(410): CodeIgniter\CodeIgniter->runController(Object(App\Controllers\User))
#5 C:\xampp\htdocs\eternity\system\CodeIgniter.php(318): CodeIgniter\CodeIgniter->handleRequest(NULL, Object(Config\Cache), false)
#6 C:\xampp\htdocs\eternity\index.php(37): CodeIgniter\CodeIgniter->run()
#7 {main}
CRITICAL - 2023-01-01 05:27:30 --> syntax error, unexpected identifier "btn"
#0 C:\xampp\htdocs\eternity\system\View\View.php(217): CodeIgniter\View\View->CodeIgniter\View\{closure}()
#1 C:\xampp\htdocs\eternity\system\Common.php(1097): CodeIgniter\View\View->render('job_section', Array, true)
#2 C:\xampp\htdocs\eternity\app\Controllers\User.php(658): view('job_section', Array)
#3 C:\xampp\htdocs\eternity\system\CodeIgniter.php(824): App\Controllers\User->ProffetionalProfile()
#4 C:\xampp\htdocs\eternity\system\CodeIgniter.php(410): CodeIgniter\CodeIgniter->runController(Object(App\Controllers\User))
#5 C:\xampp\htdocs\eternity\system\CodeIgniter.php(318): CodeIgniter\CodeIgniter->handleRequest(NULL, Object(Config\Cache), false)
#6 C:\xampp\htdocs\eternity\index.php(37): CodeIgniter\CodeIgniter->run()
#7 {main}
CRITICAL - 2023-01-01 07:23:44 --> Undefined variable $data
#0 C:\xampp\htdocs\eternity\app\Views\studentViewJob.php(50): CodeIgniter\Debug\Exceptions->errorHandler(2, 'Undefined varia...', 'C:\\xampp\\htdocs...', 50)
#1 C:\xampp\htdocs\eternity\system\View\View.php(214): include('C:\\xampp\\htdocs...')
#2 C:\xampp\htdocs\eternity\system\View\View.php(217): CodeIgniter\View\View->CodeIgniter\View\{closure}()
#3 C:\xampp\htdocs\eternity\system\Common.php(1097): CodeIgniter\View\View->render('studentViewJob', Array, true)
#4 C:\xampp\htdocs\eternity\app\Controllers\User.php(662): view('studentViewJob')
#5 C:\xampp\htdocs\eternity\system\CodeIgniter.php(824): App\Controllers\User->StudJobView()
#6 C:\xampp\htdocs\eternity\system\CodeIgniter.php(410): CodeIgniter\CodeIgniter->runController(Object(App\Controllers\User))
#7 C:\xampp\htdocs\eternity\system\CodeIgniter.php(318): CodeIgniter\CodeIgniter->handleRequest(NULL, Object(Config\Cache), false)
#8 C:\xampp\htdocs\eternity\index.php(37): CodeIgniter\CodeIgniter->run()
#9 {main}
CRITICAL - 2023-01-01 07:35:54 --> Undefined variable $_SESSION
#0 C:\xampp\htdocs\eternity\app\Controllers\User.php(662): CodeIgniter\Debug\Exceptions->errorHandler(2, 'Undefined varia...', 'C:\\xampp\\htdocs...', 662)
#1 C:\xampp\htdocs\eternity\system\CodeIgniter.php(824): App\Controllers\User->StudJobView()
#2 C:\xampp\htdocs\eternity\system\CodeIgniter.php(410): CodeIgniter\CodeIgniter->runController(Object(App\Controllers\User))
#3 C:\xampp\htdocs\eternity\system\CodeIgniter.php(318): CodeIgniter\CodeIgniter->handleRequest(NULL, Object(Config\Cache), false)
#4 C:\xampp\htdocs\eternity\index.php(37): CodeIgniter\CodeIgniter->run()
#5 {main}
CRITICAL - 2023-01-01 07:36:08 --> syntax error, unexpected token "else"
#0 C:\xampp\htdocs\eternity\system\View\View.php(217): CodeIgniter\View\View->CodeIgniter\View\{closure}()
#1 C:\xampp\htdocs\eternity\system\Common.php(1097): CodeIgniter\View\View->render('studentViewJob', Array, true)
#2 C:\xampp\htdocs\eternity\app\Controllers\User.php(666): view('studentViewJob', Array)
#3 C:\xampp\htdocs\eternity\system\CodeIgniter.php(824): App\Controllers\User->StudJobView()
#4 C:\xampp\htdocs\eternity\system\CodeIgniter.php(410): CodeIgniter\CodeIgniter->runController(Object(App\Controllers\User))
#5 C:\xampp\htdocs\eternity\system\CodeIgniter.php(318): CodeIgniter\CodeIgniter->handleRequest(NULL, Object(Config\Cache), false)
#6 C:\xampp\htdocs\eternity\index.php(37): CodeIgniter\CodeIgniter->run()
#7 {main}
CRITICAL - 2023-01-01 07:37:07 --> Undefined variable $job
#0 C:\xampp\htdocs\eternity\app\Views\studentViewJob.php(86): CodeIgniter\Debug\Exceptions->errorHandler(2, 'Undefined varia...', 'C:\\xampp\\htdocs...', 86)
#1 C:\xampp\htdocs\eternity\system\View\View.php(214): include('C:\\xampp\\htdocs...')
#2 C:\xampp\htdocs\eternity\system\View\View.php(217): CodeIgniter\View\View->CodeIgniter\View\{closure}()
#3 C:\xampp\htdocs\eternity\system\Common.php(1097): CodeIgniter\View\View->render('studentViewJob', Array, true)
#4 C:\xampp\htdocs\eternity\app\Controllers\User.php(666): view('studentViewJob', Array)
#5 C:\xampp\htdocs\eternity\system\CodeIgniter.php(824): App\Controllers\User->StudJobView()
#6 C:\xampp\htdocs\eternity\system\CodeIgniter.php(410): CodeIgniter\CodeIgniter->runController(Object(App\Controllers\User))
#7 C:\xampp\htdocs\eternity\system\CodeIgniter.php(318): CodeIgniter\CodeIgniter->handleRequest(NULL, Object(Config\Cache), false)
#8 C:\xampp\htdocs\eternity\index.php(37): CodeIgniter\CodeIgniter->run()
#9 {main}
CRITICAL - 2023-01-01 07:40:09 --> Undefined array key "user"
#0 C:\xampp\htdocs\eternity\app\Controllers\User.php(664): CodeIgniter\Debug\Exceptions->errorHandler(2, 'Undefined array...', 'C:\\xampp\\htdocs...', 664)
#1 C:\xampp\htdocs\eternity\system\CodeIgniter.php(824): App\Controllers\User->StudJobView()
#2 C:\xampp\htdocs\eternity\system\CodeIgniter.php(410): CodeIgniter\CodeIgniter->runController(Object(App\Controllers\User))
#3 C:\xampp\htdocs\eternity\system\CodeIgniter.php(318): CodeIgniter\CodeIgniter->handleRequest(NULL, Object(Config\Cache), false)
#4 C:\xampp\htdocs\eternity\index.php(37): CodeIgniter\CodeIgniter->run()
#5 {main}
CRITICAL - 2023-01-01 07:40:37 --> Undefined array key "user"
#0 C:\xampp\htdocs\eternity\app\Controllers\User.php(654): CodeIgniter\Debug\Exceptions->errorHandler(2, 'Undefined array...', 'C:\\xampp\\htdocs...', 654)
#1 C:\xampp\htdocs\eternity\system\CodeIgniter.php(824): App\Controllers\User->ProffetionalProfile()
#2 C:\xampp\htdocs\eternity\system\CodeIgniter.php(410): CodeIgniter\CodeIgniter->runController(Object(App\Controllers\User))
#3 C:\xampp\htdocs\eternity\system\CodeIgniter.php(318): CodeIgniter\CodeIgniter->handleRequest(NULL, Object(Config\Cache), false)
#4 C:\xampp\htdocs\eternity\index.php(37): CodeIgniter\CodeIgniter->run()
#5 {main}
CRITICAL - 2023-01-01 07:41:22 --> Undefined variable $data
#0 C:\xampp\htdocs\eternity\app\Views\job_section.php(50): CodeIgniter\Debug\Exceptions->errorHandler(2, 'Undefined varia...', 'C:\\xampp\\htdocs...', 50)
#1 C:\xampp\htdocs\eternity\system\View\View.php(214): include('C:\\xampp\\htdocs...')
#2 C:\xampp\htdocs\eternity\system\View\View.php(217): CodeIgniter\View\View->CodeIgniter\View\{closure}()
#3 C:\xampp\htdocs\eternity\system\Common.php(1097): CodeIgniter\View\View->render('job_section', Array, true)
#4 C:\xampp\htdocs\eternity\app\Controllers\User.php(24): view('job_section')
#5 C:\xampp\htdocs\eternity\system\CodeIgniter.php(824): App\Controllers\User->job()
#6 C:\xampp\htdocs\eternity\system\CodeIgniter.php(410): CodeIgniter\CodeIgniter->runController(Object(App\Controllers\User))
#7 C:\xampp\htdocs\eternity\system\CodeIgniter.php(318): CodeIgniter\CodeIgniter->handleRequest(NULL, Object(Config\Cache), false)
#8 C:\xampp\htdocs\eternity\index.php(37): CodeIgniter\CodeIgniter->run()
#9 {main}
CRITICAL - 2023-01-01 07:41:27 --> Undefined variable $data
#0 C:\xampp\htdocs\eternity\app\Views\job_section.php(50): CodeIgniter\Debug\Exceptions->errorHandler(2, 'Undefined varia...', 'C:\\xampp\\htdocs...', 50)
#1 C:\xampp\htdocs\eternity\system\View\View.php(214): include('C:\\xampp\\htdocs...')
#2 C:\xampp\htdocs\eternity\system\View\View.php(217): CodeIgniter\View\View->CodeIgniter\View\{closure}()
#3 C:\xampp\htdocs\eternity\system\Common.php(1097): CodeIgniter\View\View->render('job_section', Array, true)
#4 C:\xampp\htdocs\eternity\app\Controllers\User.php(24): view('job_section')
#5 C:\xampp\htdocs\eternity\system\CodeIgniter.php(824): App\Controllers\User->job()
#6 C:\xampp\htdocs\eternity\system\CodeIgniter.php(410): CodeIgniter\CodeIgniter->runController(Object(App\Controllers\User))
#7 C:\xampp\htdocs\eternity\system\CodeIgniter.php(318): CodeIgniter\CodeIgniter->handleRequest(NULL, Object(Config\Cache), false)
#8 C:\xampp\htdocs\eternity\index.php(37): CodeIgniter\CodeIgniter->run()
#9 {main}
CRITICAL - 2023-01-01 07:55:01 --> Undefined variable $data
#0 C:\xampp\htdocs\eternity\app\Views\job_section.php(50): CodeIgniter\Debug\Exceptions->errorHandler(2, 'Undefined varia...', 'C:\\xampp\\htdocs...', 50)
#1 C:\xampp\htdocs\eternity\system\View\View.php(214): include('C:\\xampp\\htdocs...')
#2 C:\xampp\htdocs\eternity\system\View\View.php(217): CodeIgniter\View\View->CodeIgniter\View\{closure}()
#3 C:\xampp\htdocs\eternity\system\Common.php(1097): CodeIgniter\View\View->render('job_section', Array, true)
#4 C:\xampp\htdocs\eternity\app\Controllers\User.php(24): view('job_section')
#5 C:\xampp\htdocs\eternity\system\CodeIgniter.php(824): App\Controllers\User->job()
#6 C:\xampp\htdocs\eternity\system\CodeIgniter.php(410): CodeIgniter\CodeIgniter->runController(Object(App\Controllers\User))
#7 C:\xampp\htdocs\eternity\system\CodeIgniter.php(318): CodeIgniter\CodeIgniter->handleRequest(NULL, Object(Config\Cache), false)
#8 C:\xampp\htdocs\eternity\index.php(37): CodeIgniter\CodeIgniter->run()
#9 {main}
CRITICAL - 2023-01-01 07:56:10 --> Undefined variable $_SESSION
#0 C:\xampp\htdocs\eternity\app\Controllers\User.php(668): CodeIgniter\Debug\Exceptions->errorHandler(2, 'Undefined varia...', 'C:\\xampp\\htdocs...', 668)
#1 C:\xampp\htdocs\eternity\system\CodeIgniter.php(824): App\Controllers\User->Proffetion()
#2 C:\xampp\htdocs\eternity\system\CodeIgniter.php(410): CodeIgniter\CodeIgniter->runController(Object(App\Controllers\User))
#3 C:\xampp\htdocs\eternity\system\CodeIgniter.php(318): CodeIgniter\CodeIgniter->handleRequest(NULL, Object(Config\Cache), false)
#4 C:\xampp\htdocs\eternity\index.php(37): CodeIgniter\CodeIgniter->run()
#5 {main}
CRITICAL - 2023-01-01 07:56:25 --> Unclosed '{' on line 52
#0 C:\xampp\htdocs\eternity\system\View\View.php(217): CodeIgniter\View\View->CodeIgniter\View\{closure}()
#1 C:\xampp\htdocs\eternity\system\Common.php(1097): CodeIgniter\View\View->render('Proffetionals', Array, true)
#2 C:\xampp\htdocs\eternity\app\Controllers\User.php(671): view('Proffetionals', Array)
#3 C:\xampp\htdocs\eternity\system\CodeIgniter.php(824): App\Controllers\User->Proffetion()
#4 C:\xampp\htdocs\eternity\system\CodeIgniter.php(410): CodeIgniter\CodeIgniter->runController(Object(App\Controllers\User))
#5 C:\xampp\htdocs\eternity\system\CodeIgniter.php(318): CodeIgniter\CodeIgniter->handleRequest(NULL, Object(Config\Cache), false)
#6 C:\xampp\htdocs\eternity\index.php(37): CodeIgniter\CodeIgniter->run()
#7 {main}
CRITICAL - 2023-01-01 08:39:26 --> Undefined array key 0
#0 C:\xampp\htdocs\eternity\app\Controllers\User.php(359): CodeIgniter\Debug\Exceptions->errorHandler(2, 'Undefined array...', 'C:\\xampp\\htdocs...', 359)
#1 C:\xampp\htdocs\eternity\app\Controllers\User.php(140): App\Controllers\User->CompanyProfile()
#2 C:\xampp\htdocs\eternity\system\CodeIgniter.php(824): App\Controllers\User->login_page()
#3 C:\xampp\htdocs\eternity\system\CodeIgniter.php(410): CodeIgniter\CodeIgniter->runController(Object(App\Controllers\User))
#4 C:\xampp\htdocs\eternity\system\CodeIgniter.php(318): CodeIgniter\CodeIgniter->handleRequest(NULL, Object(Config\Cache), false)
#5 C:\xampp\htdocs\eternity\index.php(37): CodeIgniter\CodeIgniter->run()
#6 {main}
CRITICAL - 2023-01-01 08:41:03 --> Undefined array key 0
#0 C:\xampp\htdocs\eternity\app\Controllers\User.php(359): CodeIgniter\Debug\Exceptions->errorHandler(2, 'Undefined array...', 'C:\\xampp\\htdocs...', 359)
#1 C:\xampp\htdocs\eternity\app\Controllers\User.php(140): App\Controllers\User->CompanyProfile()
#2 C:\xampp\htdocs\eternity\app\Controllers\User.php(250): App\Controllers\User->login_page()
#3 C:\xampp\htdocs\eternity\system\CodeIgniter.php(824): App\Controllers\User->insert_person_profile()
#4 C:\xampp\htdocs\eternity\system\CodeIgniter.php(410): CodeIgniter\CodeIgniter->runController(Object(App\Controllers\User))
#5 C:\xampp\htdocs\eternity\system\CodeIgniter.php(318): CodeIgniter\CodeIgniter->handleRequest(NULL, Object(Config\Cache), false)
#6 C:\xampp\htdocs\eternity\index.php(37): CodeIgniter\CodeIgniter->run()
#7 {main}
CRITICAL - 2023-01-01 08:44:45 --> Undefined array key 0
#0 C:\xampp\htdocs\eternity\app\Controllers\User.php(359): CodeIgniter\Debug\Exceptions->errorHandler(2, 'Undefined array...', 'C:\\xampp\\htdocs...', 359)
#1 C:\xampp\htdocs\eternity\app\Controllers\User.php(140): App\Controllers\User->CompanyProfile()
#2 C:\xampp\htdocs\eternity\app\Controllers\User.php(250): App\Controllers\User->login_page()
#3 C:\xampp\htdocs\eternity\system\CodeIgniter.php(824): App\Controllers\User->insert_person_profile()
#4 C:\xampp\htdocs\eternity\system\CodeIgniter.php(410): CodeIgniter\CodeIgniter->runController(Object(App\Controllers\User))
#5 C:\xampp\htdocs\eternity\system\CodeIgniter.php(318): CodeIgniter\CodeIgniter->handleRequest(NULL, Object(Config\Cache), false)
#6 C:\xampp\htdocs\eternity\index.php(37): CodeIgniter\CodeIgniter->run()
#7 {main}
CRITICAL - 2023-01-01 08:45:27 --> Undefined array key 0
#0 C:\xampp\htdocs\eternity\app\Controllers\User.php(359): CodeIgniter\Debug\Exceptions->errorHandler(2, 'Undefined array...', 'C:\\xampp\\htdocs...', 359)
#1 C:\xampp\htdocs\eternity\app\Controllers\User.php(140): App\Controllers\User->CompanyProfile()
#2 C:\xampp\htdocs\eternity\app\Controllers\User.php(250): App\Controllers\User->login_page()
#3 C:\xampp\htdocs\eternity\system\CodeIgniter.php(824): App\Controllers\User->insert_person_profile()
#4 C:\xampp\htdocs\eternity\system\CodeIgniter.php(410): CodeIgniter\CodeIgniter->runController(Object(App\Controllers\User))
#5 C:\xampp\htdocs\eternity\system\CodeIgniter.php(318): CodeIgniter\CodeIgniter->handleRequest(NULL, Object(Config\Cache), false)
#6 C:\xampp\htdocs\eternity\index.php(37): CodeIgniter\CodeIgniter->run()
#7 {main}
CRITICAL - 2023-01-01 08:48:25 --> Undefined array key 0
#0 C:\xampp\htdocs\eternity\app\Controllers\User.php(359): CodeIgniter\Debug\Exceptions->errorHandler(2, 'Undefined array...', 'C:\\xampp\\htdocs...', 359)
#1 C:\xampp\htdocs\eternity\app\Controllers\User.php(140): App\Controllers\User->CompanyProfile()
#2 C:\xampp\htdocs\eternity\app\Controllers\User.php(250): App\Controllers\User->login_page()
#3 C:\xampp\htdocs\eternity\system\CodeIgniter.php(824): App\Controllers\User->insert_person_profile()
#4 C:\xampp\htdocs\eternity\system\CodeIgniter.php(410): CodeIgniter\CodeIgniter->runController(Object(App\Controllers\User))
#5 C:\xampp\htdocs\eternity\system\CodeIgniter.php(318): CodeIgniter\CodeIgniter->handleRequest(NULL, Object(Config\Cache), false)
#6 C:\xampp\htdocs\eternity\index.php(37): CodeIgniter\CodeIgniter->run()
#7 {main}
CRITICAL - 2023-01-01 08:54:21 --> Undefined array key 0
#0 C:\xampp\htdocs\eternity\app\Controllers\User.php(359): CodeIgniter\Debug\Exceptions->errorHandler(2, 'Undefined array...', 'C:\\xampp\\htdocs...', 359)
#1 C:\xampp\htdocs\eternity\app\Controllers\User.php(140): App\Controllers\User->CompanyProfile()
#2 C:\xampp\htdocs\eternity\system\CodeIgniter.php(824): App\Controllers\User->login_page()
#3 C:\xampp\htdocs\eternity\system\CodeIgniter.php(410): CodeIgniter\CodeIgniter->runController(Object(App\Controllers\User))
#4 C:\xampp\htdocs\eternity\system\CodeIgniter.php(318): CodeIgniter\CodeIgniter->handleRequest(NULL, Object(Config\Cache), false)
#5 C:\xampp\htdocs\eternity\index.php(37): CodeIgniter\CodeIgniter->run()
#6 {main}
CRITICAL - 2023-01-01 08:55:40 --> Undefined array key 0
#0 C:\xampp\htdocs\eternity\app\Controllers\User.php(359): CodeIgniter\Debug\Exceptions->errorHandler(2, 'Undefined array...', 'C:\\xampp\\htdocs...', 359)
#1 C:\xampp\htdocs\eternity\app\Controllers\User.php(140): App\Controllers\User->CompanyProfile()
#2 C:\xampp\htdocs\eternity\app\Controllers\User.php(250): App\Controllers\User->login_page()
#3 C:\xampp\htdocs\eternity\system\CodeIgniter.php(824): App\Controllers\User->insert_person_profile()
#4 C:\xampp\htdocs\eternity\system\CodeIgniter.php(410): CodeIgniter\CodeIgniter->runController(Object(App\Controllers\User))
#5 C:\xampp\htdocs\eternity\system\CodeIgniter.php(318): CodeIgniter\CodeIgniter->handleRequest(NULL, Object(Config\Cache), false)
#6 C:\xampp\htdocs\eternity\index.php(37): CodeIgniter\CodeIgniter->run()
#7 {main}
CRITICAL - 2023-01-01 09:07:58 --> Undefined array key "user"
#0 C:\xampp\htdocs\eternity\app\Controllers\User.php(670): CodeIgniter\Debug\Exceptions->errorHandler(2, 'Undefined array...', 'C:\\xampp\\htdocs...', 670)
#1 C:\xampp\htdocs\eternity\system\CodeIgniter.php(824): App\Controllers\User->Proffetion()
#2 C:\xampp\htdocs\eternity\system\CodeIgniter.php(410): CodeIgniter\CodeIgniter->runController(Object(App\Controllers\User))
#3 C:\xampp\htdocs\eternity\system\CodeIgniter.php(318): CodeIgniter\CodeIgniter->handleRequest(NULL, Object(Config\Cache), false)
#4 C:\xampp\htdocs\eternity\index.php(37): CodeIgniter\CodeIgniter->run()
#5 {main}
CRITICAL - 2023-01-01 09:42:43 --> Undefined array key 0
#0 C:\xampp\htdocs\eternity\app\Controllers\User.php(359): CodeIgniter\Debug\Exceptions->errorHandler(2, 'Undefined array...', 'C:\\xampp\\htdocs...', 359)
#1 C:\xampp\htdocs\eternity\app\Controllers\User.php(140): App\Controllers\User->CompanyProfile()
#2 C:\xampp\htdocs\eternity\app\Controllers\User.php(250): App\Controllers\User->login_page()
#3 C:\xampp\htdocs\eternity\system\CodeIgniter.php(824): App\Controllers\User->insert_person_profile()
#4 C:\xampp\htdocs\eternity\system\CodeIgniter.php(410): CodeIgniter\CodeIgniter->runController(Object(App\Controllers\User))
#5 C:\xampp\htdocs\eternity\system\CodeIgniter.php(318): CodeIgniter\CodeIgniter->handleRequest(NULL, Object(Config\Cache), false)
#6 C:\xampp\htdocs\eternity\index.php(37): CodeIgniter\CodeIgniter->run()
#7 {main}
CRITICAL - 2023-01-01 09:43:30 --> Undefined array key 0
#0 C:\xampp\htdocs\eternity\app\Controllers\User.php(359): CodeIgniter\Debug\Exceptions->errorHandler(2, 'Undefined array...', 'C:\\xampp\\htdocs...', 359)
#1 C:\xampp\htdocs\eternity\app\Controllers\User.php(140): App\Controllers\User->CompanyProfile()
#2 C:\xampp\htdocs\eternity\app\Controllers\User.php(250): App\Controllers\User->login_page()
#3 C:\xampp\htdocs\eternity\system\CodeIgniter.php(824): App\Controllers\User->insert_person_profile()
#4 C:\xampp\htdocs\eternity\system\CodeIgniter.php(410): CodeIgniter\CodeIgniter->runController(Object(App\Controllers\User))
#5 C:\xampp\htdocs\eternity\system\CodeIgniter.php(318): CodeIgniter\CodeIgniter->handleRequest(NULL, Object(Config\Cache), false)
#6 C:\xampp\htdocs\eternity\index.php(37): CodeIgniter\CodeIgniter->run()
#7 {main}
CRITICAL - 2023-01-01 09:51:38 --> Undefined array key 0
#0 C:\xampp\htdocs\eternity\app\Controllers\User.php(359): CodeIgniter\Debug\Exceptions->errorHandler(2, 'Undefined array...', 'C:\\xampp\\htdocs...', 359)
#1 C:\xampp\htdocs\eternity\app\Controllers\User.php(140): App\Controllers\User->CompanyProfile()
#2 C:\xampp\htdocs\eternity\app\Controllers\User.php(250): App\Controllers\User->login_page()
#3 C:\xampp\htdocs\eternity\system\CodeIgniter.php(824): App\Controllers\User->insert_person_profile()
#4 C:\xampp\htdocs\eternity\system\CodeIgniter.php(410): CodeIgniter\CodeIgniter->runController(Object(App\Controllers\User))
#5 C:\xampp\htdocs\eternity\system\CodeIgniter.php(318): CodeIgniter\CodeIgniter->handleRequest(NULL, Object(Config\Cache), false)
#6 C:\xampp\htdocs\eternity\index.php(37): CodeIgniter\CodeIgniter->run()
#7 {main}
CRITICAL - 2023-01-01 10:28:33 --> Undefined array key 0
#0 C:\xampp\htdocs\eternity\app\Controllers\User.php(359): CodeIgniter\Debug\Exceptions->errorHandler(2, 'Undefined array...', 'C:\\xampp\\htdocs...', 359)
#1 C:\xampp\htdocs\eternity\app\Controllers\User.php(140): App\Controllers\User->CompanyProfile()
#2 C:\xampp\htdocs\eternity\app\Controllers\User.php(250): App\Controllers\User->login_page()
#3 C:\xampp\htdocs\eternity\system\CodeIgniter.php(824): App\Controllers\User->insert_person_profile()
#4 C:\xampp\htdocs\eternity\system\CodeIgniter.php(410): CodeIgniter\CodeIgniter->runController(Object(App\Controllers\User))
#5 C:\xampp\htdocs\eternity\system\CodeIgniter.php(318): CodeIgniter\CodeIgniter->handleRequest(NULL, Object(Config\Cache), false)
#6 C:\xampp\htdocs\eternity\index.php(37): CodeIgniter\CodeIgniter->run()
#7 {main}
CRITICAL - 2023-01-01 10:50:49 --> Cannot redeclare App\Controllers\User::Companies()
#0 [internal function]: CodeIgniter\Debug\Exceptions->shutdownHandler()
#1 {main}
CRITICAL - 2023-01-01 10:50:55 --> Cannot redeclare App\Controllers\User::Companies()
#0 [internal function]: CodeIgniter\Debug\Exceptions->shutdownHandler()
#1 {main}
CRITICAL - 2023-01-01 10:51:31 --> Cannot redeclare App\Controllers\User::Companies()
#0 [internal function]: CodeIgniter\Debug\Exceptions->shutdownHandler()
#1 {main}
CRITICAL - 2023-01-01 10:51:35 --> Cannot redeclare App\Controllers\User::Companies()
#0 [internal function]: CodeIgniter\Debug\Exceptions->shutdownHandler()
#1 {main}
CRITICAL - 2023-01-01 10:52:00 --> Cannot redeclare App\Controllers\User::Companies()
#0 [internal function]: CodeIgniter\Debug\Exceptions->shutdownHandler()
#1 {main}
CRITICAL - 2023-01-01 10:52:07 --> Cannot redeclare App\Controllers\User::Companies()
#0 [internal function]: CodeIgniter\Debug\Exceptions->shutdownHandler()
#1 {main}
CRITICAL - 2023-01-01 22:30:06 --> Undefined array key 0
#0 C:\xampp\htdocs\eternity\app\Controllers\User.php(359): CodeIgniter\Debug\Exceptions->errorHandler(2, 'Undefined array...', 'C:\\xampp\\htdocs...', 359)
#1 C:\xampp\htdocs\eternity\app\Controllers\User.php(140): App\Controllers\User->CompanyProfile()
#2 C:\xampp\htdocs\eternity\app\Controllers\User.php(250): App\Controllers\User->login_page()
#3 C:\xampp\htdocs\eternity\system\CodeIgniter.php(824): App\Controllers\User->insert_person_profile()
#4 C:\xampp\htdocs\eternity\system\CodeIgniter.php(410): CodeIgniter\CodeIgniter->runController(Object(App\Controllers\User))
#5 C:\xampp\htdocs\eternity\system\CodeIgniter.php(318): CodeIgniter\CodeIgniter->handleRequest(NULL, Object(Config\Cache), false)
#6 C:\xampp\htdocs\eternity\index.php(37): CodeIgniter\CodeIgniter->run()
#7 {main}
CRITICAL - 2023-01-01 22:30:27 --> Undefined array key 0
#0 C:\xampp\htdocs\eternity\app\Controllers\User.php(359): CodeIgniter\Debug\Exceptions->errorHandler(2, 'Undefined array...', 'C:\\xampp\\htdocs...', 359)
#1 C:\xampp\htdocs\eternity\app\Controllers\User.php(140): App\Controllers\User->CompanyProfile()
#2 C:\xampp\htdocs\eternity\app\Controllers\User.php(250): App\Controllers\User->login_page()
#3 C:\xampp\htdocs\eternity\system\CodeIgniter.php(824): App\Controllers\User->insert_person_profile()
#4 C:\xampp\htdocs\eternity\system\CodeIgniter.php(410): CodeIgniter\CodeIgniter->runController(Object(App\Controllers\User))
#5 C:\xampp\htdocs\eternity\system\CodeIgniter.php(318): CodeIgniter\CodeIgniter->handleRequest(NULL, Object(Config\Cache), false)
#6 C:\xampp\htdocs\eternity\index.php(37): CodeIgniter\CodeIgniter->run()
#7 {main}
CRITICAL - 2023-01-01 22:30:43 --> Undefined array key 0
#0 C:\xampp\htdocs\eternity\app\Controllers\User.php(359): CodeIgniter\Debug\Exceptions->errorHandler(2, 'Undefined array...', 'C:\\xampp\\htdocs...', 359)
#1 C:\xampp\htdocs\eternity\app\Controllers\User.php(140): App\Controllers\User->CompanyProfile()
#2 C:\xampp\htdocs\eternity\app\Controllers\User.php(250): App\Controllers\User->login_page()
#3 C:\xampp\htdocs\eternity\system\CodeIgniter.php(824): App\Controllers\User->insert_person_profile()
#4 C:\xampp\htdocs\eternity\system\CodeIgniter.php(410): CodeIgniter\CodeIgniter->runController(Object(App\Controllers\User))
#5 C:\xampp\htdocs\eternity\system\CodeIgniter.php(318): CodeIgniter\CodeIgniter->handleRequest(NULL, Object(Config\Cache), false)
#6 C:\xampp\htdocs\eternity\index.php(37): CodeIgniter\CodeIgniter->run()
#7 {main}
CRITICAL - 2023-01-01 22:32:36 --> Undefined array key 0
#0 C:\xampp\htdocs\eternity\app\Controllers\User.php(359): CodeIgniter\Debug\Exceptions->errorHandler(2, 'Undefined array...', 'C:\\xampp\\htdocs...', 359)
#1 C:\xampp\htdocs\eternity\app\Controllers\User.php(140): App\Controllers\User->CompanyProfile()
#2 C:\xampp\htdocs\eternity\app\Controllers\User.php(250): App\Controllers\User->login_page()
#3 C:\xampp\htdocs\eternity\system\CodeIgniter.php(824): App\Controllers\User->insert_person_profile()
#4 C:\xampp\htdocs\eternity\system\CodeIgniter.php(410): CodeIgniter\CodeIgniter->runController(Object(App\Controllers\User))
#5 C:\xampp\htdocs\eternity\system\CodeIgniter.php(318): CodeIgniter\CodeIgniter->handleRequest(NULL, Object(Config\Cache), false)
#6 C:\xampp\htdocs\eternity\index.php(37): CodeIgniter\CodeIgniter->run()
#7 {main}
CRITICAL - 2023-01-01 22:33:00 --> Undefined array key 0
#0 C:\xampp\htdocs\eternity\app\Controllers\User.php(359): CodeIgniter\Debug\Exceptions->errorHandler(2, 'Undefined array...', 'C:\\xampp\\htdocs...', 359)
#1 C:\xampp\htdocs\eternity\app\Controllers\User.php(140): App\Controllers\User->CompanyProfile()
#2 C:\xampp\htdocs\eternity\app\Controllers\User.php(250): App\Controllers\User->login_page()
#3 C:\xampp\htdocs\eternity\system\CodeIgniter.php(824): App\Controllers\User->insert_person_profile()
#4 C:\xampp\htdocs\eternity\system\CodeIgniter.php(410): CodeIgniter\CodeIgniter->runController(Object(App\Controllers\User))
#5 C:\xampp\htdocs\eternity\system\CodeIgniter.php(318): CodeIgniter\CodeIgniter->handleRequest(NULL, Object(Config\Cache), false)
#6 C:\xampp\htdocs\eternity\index.php(37): CodeIgniter\CodeIgniter->run()
#7 {main}
CRITICAL - 2023-01-01 22:33:12 --> Undefined array key 0
#0 C:\xampp\htdocs\eternity\app\Controllers\User.php(359): CodeIgniter\Debug\Exceptions->errorHandler(2, 'Undefined array...', 'C:\\xampp\\htdocs...', 359)
#1 C:\xampp\htdocs\eternity\app\Controllers\User.php(140): App\Controllers\User->CompanyProfile()
#2 C:\xampp\htdocs\eternity\app\Controllers\User.php(250): App\Controllers\User->login_page()
#3 C:\xampp\htdocs\eternity\system\CodeIgniter.php(824): App\Controllers\User->insert_person_profile()
#4 C:\xampp\htdocs\eternity\system\CodeIgniter.php(410): CodeIgniter\CodeIgniter->runController(Object(App\Controllers\User))
#5 C:\xampp\htdocs\eternity\system\CodeIgniter.php(318): CodeIgniter\CodeIgniter->handleRequest(NULL, Object(Config\Cache), false)
#6 C:\xampp\htdocs\eternity\index.php(37): CodeIgniter\CodeIgniter->run()
#7 {main}
CRITICAL - 2023-01-01 22:33:26 --> Undefined array key 0
#0 C:\xampp\htdocs\eternity\app\Controllers\User.php(359): CodeIgniter\Debug\Exceptions->errorHandler(2, 'Undefined array...', 'C:\\xampp\\htdocs...', 359)
#1 C:\xampp\htdocs\eternity\app\Controllers\User.php(140): App\Controllers\User->CompanyProfile()
#2 C:\xampp\htdocs\eternity\app\Controllers\User.php(250): App\Controllers\User->login_page()
#3 C:\xampp\htdocs\eternity\system\CodeIgniter.php(824): App\Controllers\User->insert_person_profile()
#4 C:\xampp\htdocs\eternity\system\CodeIgniter.php(410): CodeIgniter\CodeIgniter->runController(Object(App\Controllers\User))
#5 C:\xampp\htdocs\eternity\system\CodeIgniter.php(318): CodeIgniter\CodeIgniter->handleRequest(NULL, Object(Config\Cache), false)
#6 C:\xampp\htdocs\eternity\index.php(37): CodeIgniter\CodeIgniter->run()
#7 {main}
CRITICAL - 2023-01-01 22:41:07 --> Cannot redeclare App\Controllers\User::Companies()
#0 [internal function]: CodeIgniter\Debug\Exceptions->shutdownHandler()
#1 {main}
CRITICAL - 2023-01-01 22:42:48 --> Undefined array key 0
#0 C:\xampp\htdocs\eternity\app\Controllers\User.php(359): CodeIgniter\Debug\Exceptions->errorHandler(2, 'Undefined array...', 'C:\\xampp\\htdocs...', 359)
#1 C:\xampp\htdocs\eternity\app\Controllers\User.php(140): App\Controllers\User->CompanyProfile()
#2 C:\xampp\htdocs\eternity\app\Controllers\User.php(250): App\Controllers\User->login_page()
#3 C:\xampp\htdocs\eternity\system\CodeIgniter.php(824): App\Controllers\User->insert_person_profile()
#4 C:\xampp\htdocs\eternity\system\CodeIgniter.php(410): CodeIgniter\CodeIgniter->runController(Object(App\Controllers\User))
#5 C:\xampp\htdocs\eternity\system\CodeIgniter.php(318): CodeIgniter\CodeIgniter->handleRequest(NULL, Object(Config\Cache), false)
#6 C:\xampp\htdocs\eternity\index.php(37): CodeIgniter\CodeIgniter->run()
#7 {main}
CRITICAL - 2023-01-01 22:42:53 --> Undefined property: stdClass::$s_about
#0 C:\xampp\htdocs\eternity\app\Views\viewCompanies.php(68): CodeIgniter\Debug\Exceptions->errorHandler(2, 'Undefined prope...', 'C:\\xampp\\htdocs...', 68)
#1 C:\xampp\htdocs\eternity\system\View\View.php(214): include('C:\\xampp\\htdocs...')
#2 C:\xampp\htdocs\eternity\system\View\View.php(217): CodeIgniter\View\View->CodeIgniter\View\{closure}()
#3 C:\xampp\htdocs\eternity\system\Common.php(1097): CodeIgniter\View\View->render('viewCompanies', Array, true)
#4 C:\xampp\htdocs\eternity\app\Controllers\User.php(677): view('viewCompanies', Array)
#5 C:\xampp\htdocs\eternity\system\CodeIgniter.php(824): App\Controllers\User->CompaniesViews()
#6 C:\xampp\htdocs\eternity\system\CodeIgniter.php(410): CodeIgniter\CodeIgniter->runController(Object(App\Controllers\User))
#7 C:\xampp\htdocs\eternity\system\CodeIgniter.php(318): CodeIgniter\CodeIgniter->handleRequest(NULL, Object(Config\Cache), false)
#8 C:\xampp\htdocs\eternity\index.php(37): CodeIgniter\CodeIgniter->run()
#9 {main}
