CRITICAL - 2022-12-31 04:05:26 --> Undefined variable $data
#0 C:\xampp\htdocs\eternity\app\Views\job_section.php(50): CodeIgniter\Debug\Exceptions->errorHandler(2, 'Undefined varia...', 'C:\\xampp\\htdocs...', 50)
#1 C:\xampp\htdocs\eternity\system\View\View.php(214): include('C:\\xampp\\htdocs...')
#2 C:\xampp\htdocs\eternity\system\View\View.php(217): CodeIgniter\View\View->CodeIgniter\View\{closure}()
#3 C:\xampp\htdocs\eternity\system\Common.php(1097): CodeIgniter\View\View->render('job_section', Array, true)
#4 C:\xampp\htdocs\eternity\app\Controllers\User.php(24): view('job_section')
#5 C:\xampp\htdocs\eternity\system\CodeIgniter.php(824): App\Controllers\User->job()
#6 C:\xampp\htdocs\eternity\system\CodeIgniter.php(410): CodeIgniter\CodeIgniter->runController(Object(App\Controllers\User))
#7 C:\xampp\htdocs\eternity\system\CodeIgniter.php(318): CodeIgniter\CodeIgniter->handleRequest(NULL, Object(Config\Cache), false)
#8 C:\xampp\htdocs\eternity\index.php(37): CodeIgniter\CodeIgniter->run()
#9 {main}
CRITICAL - 2022-12-31 04:08:12 --> Undefined variable $data
#0 C:\xampp\htdocs\eternity\app\Views\job_section.php(50): CodeIgniter\Debug\Exceptions->errorHandler(2, 'Undefined varia...', 'C:\\xampp\\htdocs...', 50)
#1 C:\xampp\htdocs\eternity\system\View\View.php(214): include('C:\\xampp\\htdocs...')
#2 C:\xampp\htdocs\eternity\system\View\View.php(217): CodeIgniter\View\View->CodeIgniter\View\{closure}()
#3 C:\xampp\htdocs\eternity\system\Common.php(1097): CodeIgniter\View\View->render('job_section', Array, true)
#4 C:\xampp\htdocs\eternity\app\Controllers\User.php(24): view('job_section')
#5 C:\xampp\htdocs\eternity\system\CodeIgniter.php(824): App\Controllers\User->job()
#6 C:\xampp\htdocs\eternity\system\CodeIgniter.php(410): CodeIgniter\CodeIgniter->runController(Object(App\Controllers\User))
#7 C:\xampp\htdocs\eternity\system\CodeIgniter.php(318): CodeIgniter\CodeIgniter->handleRequest(NULL, Object(Config\Cache), false)
#8 C:\xampp\htdocs\eternity\index.php(37): CodeIgniter\CodeIgniter->run()
#9 {main}
CRITICAL - 2022-12-31 04:08:18 --> Undefined array key "user"
#0 C:\xampp\htdocs\eternity\app\Controllers\User.php(653): CodeIgniter\Debug\Exceptions->errorHandler(2, 'Undefined array...', 'C:\\xampp\\htdocs...', 653)
#1 C:\xampp\htdocs\eternity\system\CodeIgniter.php(824): App\Controllers\User->ProffetionalProfile()
#2 C:\xampp\htdocs\eternity\system\CodeIgniter.php(410): CodeIgniter\CodeIgniter->runController(Object(App\Controllers\User))
#3 C:\xampp\htdocs\eternity\system\CodeIgniter.php(318): CodeIgniter\CodeIgniter->handleRequest(NULL, Object(Config\Cache), false)
#4 C:\xampp\htdocs\eternity\index.php(37): CodeIgniter\CodeIgniter->run()
#5 {main}
CRITICAL - 2022-12-31 04:16:56 --> Too few arguments to function App\Models\Usermodel::proProfile(), 0 passed in C:\xampp\htdocs\eternity\app\Controllers\User.php on line 653 and exactly 1 expected
#0 C:\xampp\htdocs\eternity\app\Controllers\User.php(653): App\Models\Usermodel->proProfile()
#1 C:\xampp\htdocs\eternity\system\CodeIgniter.php(824): App\Controllers\User->ProffetionalProfile()
#2 C:\xampp\htdocs\eternity\system\CodeIgniter.php(410): CodeIgniter\CodeIgniter->runController(Object(App\Controllers\User))
#3 C:\xampp\htdocs\eternity\system\CodeIgniter.php(318): CodeIgniter\CodeIgniter->handleRequest(NULL, Object(Config\Cache), false)
#4 C:\xampp\htdocs\eternity\index.php(37): CodeIgniter\CodeIgniter->run()
#5 {main}
CRITICAL - 2022-12-31 10:47:39 --> Undefined array key "user"
#0 C:\xampp\htdocs\eternity\app\Controllers\User.php(654): CodeIgniter\Debug\Exceptions->errorHandler(2, 'Undefined array...', 'C:\\xampp\\htdocs...', 654)
#1 C:\xampp\htdocs\eternity\system\CodeIgniter.php(824): App\Controllers\User->ProffetionalProfile()
#2 C:\xampp\htdocs\eternity\system\CodeIgniter.php(410): CodeIgniter\CodeIgniter->runController(Object(App\Controllers\User))
#3 C:\xampp\htdocs\eternity\system\CodeIgniter.php(318): CodeIgniter\CodeIgniter->handleRequest(NULL, Object(Config\Cache), false)
#4 C:\xampp\htdocs\eternity\index.php(37): CodeIgniter\CodeIgniter->run()
#5 {main}
CRITICAL - 2022-12-31 10:47:40 --> Undefined array key "user"
#0 C:\xampp\htdocs\eternity\app\Controllers\User.php(654): CodeIgniter\Debug\Exceptions->errorHandler(2, 'Undefined array...', 'C:\\xampp\\htdocs...', 654)
#1 C:\xampp\htdocs\eternity\system\CodeIgniter.php(824): App\Controllers\User->ProffetionalProfile()
#2 C:\xampp\htdocs\eternity\system\CodeIgniter.php(410): CodeIgniter\CodeIgniter->runController(Object(App\Controllers\User))
#3 C:\xampp\htdocs\eternity\system\CodeIgniter.php(318): CodeIgniter\CodeIgniter->handleRequest(NULL, Object(Config\Cache), false)
#4 C:\xampp\htdocs\eternity\index.php(37): CodeIgniter\CodeIgniter->run()
#5 {main}
CRITICAL - 2022-12-31 10:47:41 --> Undefined array key "user"
#0 C:\xampp\htdocs\eternity\app\Controllers\User.php(654): CodeIgniter\Debug\Exceptions->errorHandler(2, 'Undefined array...', 'C:\\xampp\\htdocs...', 654)
#1 C:\xampp\htdocs\eternity\system\CodeIgniter.php(824): App\Controllers\User->ProffetionalProfile()
#2 C:\xampp\htdocs\eternity\system\CodeIgniter.php(410): CodeIgniter\CodeIgniter->runController(Object(App\Controllers\User))
#3 C:\xampp\htdocs\eternity\system\CodeIgniter.php(318): CodeIgniter\CodeIgniter->handleRequest(NULL, Object(Config\Cache), false)
#4 C:\xampp\htdocs\eternity\index.php(37): CodeIgniter\CodeIgniter->run()
#5 {main}
CRITICAL - 2022-12-31 10:47:41 --> Undefined array key "user"
#0 C:\xampp\htdocs\eternity\app\Controllers\User.php(654): CodeIgniter\Debug\Exceptions->errorHandler(2, 'Undefined array...', 'C:\\xampp\\htdocs...', 654)
#1 C:\xampp\htdocs\eternity\system\CodeIgniter.php(824): App\Controllers\User->ProffetionalProfile()
#2 C:\xampp\htdocs\eternity\system\CodeIgniter.php(410): CodeIgniter\CodeIgniter->runController(Object(App\Controllers\User))
#3 C:\xampp\htdocs\eternity\system\CodeIgniter.php(318): CodeIgniter\CodeIgniter->handleRequest(NULL, Object(Config\Cache), false)
#4 C:\xampp\htdocs\eternity\index.php(37): CodeIgniter\CodeIgniter->run()
#5 {main}
CRITICAL - 2022-12-31 19:05:24 --> syntax error, unexpected token "<"
#0 C:\xampp\htdocs\eternity\system\View\View.php(217): CodeIgniter\View\View->CodeIgniter\View\{closure}()
#1 C:\xampp\htdocs\eternity\system\Common.php(1097): CodeIgniter\View\View->render('job_section', Array, true)
#2 C:\xampp\htdocs\eternity\app\Controllers\User.php(657): view('job_section', Array)
#3 C:\xampp\htdocs\eternity\system\CodeIgniter.php(824): App\Controllers\User->ProffetionalProfile()
#4 C:\xampp\htdocs\eternity\system\CodeIgniter.php(410): CodeIgniter\CodeIgniter->runController(Object(App\Controllers\User))
#5 C:\xampp\htdocs\eternity\system\CodeIgniter.php(318): CodeIgniter\CodeIgniter->handleRequest(NULL, Object(Config\Cache), false)
#6 C:\xampp\htdocs\eternity\index.php(37): CodeIgniter\CodeIgniter->run()
#7 {main}
CRITICAL - 2022-12-31 23:19:07 --> Undefined array key "user"
#0 C:\xampp\htdocs\eternity\app\Controllers\User.php(654): CodeIgniter\Debug\Exceptions->errorHandler(2, 'Undefined array...', 'C:\\xampp\\htdocs...', 654)
#1 C:\xampp\htdocs\eternity\system\CodeIgniter.php(824): App\Controllers\User->ProffetionalProfile()
#2 C:\xampp\htdocs\eternity\system\CodeIgniter.php(410): CodeIgniter\CodeIgniter->runController(Object(App\Controllers\User))
#3 C:\xampp\htdocs\eternity\system\CodeIgniter.php(318): CodeIgniter\CodeIgniter->handleRequest(NULL, Object(Config\Cache), false)
#4 C:\xampp\htdocs\eternity\index.php(37): CodeIgniter\CodeIgniter->run()
#5 {main}
CRITICAL - 2022-12-31 23:19:12 --> Undefined variable $data
#0 C:\xampp\htdocs\eternity\app\Views\job_section.php(50): CodeIgniter\Debug\Exceptions->errorHandler(2, 'Undefined varia...', 'C:\\xampp\\htdocs...', 50)
#1 C:\xampp\htdocs\eternity\system\View\View.php(214): include('C:\\xampp\\htdocs...')
#2 C:\xampp\htdocs\eternity\system\View\View.php(217): CodeIgniter\View\View->CodeIgniter\View\{closure}()
#3 C:\xampp\htdocs\eternity\system\Common.php(1097): CodeIgniter\View\View->render('job_section', Array, true)
#4 C:\xampp\htdocs\eternity\app\Controllers\User.php(24): view('job_section')
#5 C:\xampp\htdocs\eternity\system\CodeIgniter.php(824): App\Controllers\User->job()
#6 C:\xampp\htdocs\eternity\system\CodeIgniter.php(410): CodeIgniter\CodeIgniter->runController(Object(App\Controllers\User))
#7 C:\xampp\htdocs\eternity\system\CodeIgniter.php(318): CodeIgniter\CodeIgniter->handleRequest(NULL, Object(Config\Cache), false)
#8 C:\xampp\htdocs\eternity\index.php(37): CodeIgniter\CodeIgniter->run()
#9 {main}
CRITICAL - 2022-12-31 23:40:19 --> Undefined array key 0
#0 C:\xampp\htdocs\eternity\app\Controllers\User.php(359): CodeIgniter\Debug\Exceptions->errorHandler(2, 'Undefined array...', 'C:\\xampp\\htdocs...', 359)
#1 C:\xampp\htdocs\eternity\app\Controllers\User.php(140): App\Controllers\User->CompanyProfile()
#2 C:\xampp\htdocs\eternity\app\Controllers\User.php(250): App\Controllers\User->login_page()
#3 C:\xampp\htdocs\eternity\system\CodeIgniter.php(824): App\Controllers\User->insert_person_profile()
#4 C:\xampp\htdocs\eternity\system\CodeIgniter.php(410): CodeIgniter\CodeIgniter->runController(Object(App\Controllers\User))
#5 C:\xampp\htdocs\eternity\system\CodeIgniter.php(318): CodeIgniter\CodeIgniter->handleRequest(NULL, Object(Config\Cache), false)
#6 C:\xampp\htdocs\eternity\index.php(37): CodeIgniter\CodeIgniter->run()
#7 {main}
