CRITICAL - 2022-08-28 08:59:06 --> syntax error, unexpected token "if"
#0 C:\xampp\htdocs\eternity\system\CodeIgniter.php(359): CodeIgniter\CodeIgniter->tryToRouteIt(NULL)
#1 C:\xampp\htdocs\eternity\system\CodeIgniter.php(318): CodeIgniter\CodeIgniter->handleRequest(NULL, Object(Config\Cache), false)
#2 C:\xampp\htdocs\eternity\index.php(37): CodeIgniter\CodeIgniter->run()
#3 {main}
CRITICAL - 2022-08-28 09:00:08 --> syntax error, unexpected token "if"
#0 C:\xampp\htdocs\eternity\system\CodeIgniter.php(359): CodeIgniter\CodeIgniter->tryToRouteIt(NULL)
#1 C:\xampp\htdocs\eternity\system\CodeIgniter.php(318): CodeIgniter\CodeIgniter->handleRequest(NULL, Object(Config\Cache), false)
#2 C:\xampp\htdocs\eternity\index.php(37): CodeIgniter\CodeIgniter->run()
#3 {main}
CRITICAL - 2022-08-28 09:02:50 --> syntax error, unexpected token "if"
#0 C:\xampp\htdocs\eternity\system\CodeIgniter.php(359): CodeIgniter\CodeIgniter->tryToRouteIt(NULL)
#1 C:\xampp\htdocs\eternity\system\CodeIgniter.php(318): CodeIgniter\CodeIgniter->handleRequest(NULL, Object(Config\Cache), false)
#2 C:\xampp\htdocs\eternity\index.php(37): CodeIgniter\CodeIgniter->run()
#3 {main}
CRITICAL - 2022-08-28 09:03:41 --> syntax error, unexpected token "if"
#0 C:\xampp\htdocs\eternity\system\CodeIgniter.php(359): CodeIgniter\CodeIgniter->tryToRouteIt(NULL)
#1 C:\xampp\htdocs\eternity\system\CodeIgniter.php(318): CodeIgniter\CodeIgniter->handleRequest(NULL, Object(Config\Cache), false)
#2 C:\xampp\htdocs\eternity\index.php(37): CodeIgniter\CodeIgniter->run()
#3 {main}
CRITICAL - 2022-08-28 09:03:42 --> syntax error, unexpected token "if"
#0 C:\xampp\htdocs\eternity\system\CodeIgniter.php(359): CodeIgniter\CodeIgniter->tryToRouteIt(NULL)
#1 C:\xampp\htdocs\eternity\system\CodeIgniter.php(318): CodeIgniter\CodeIgniter->handleRequest(NULL, Object(Config\Cache), false)
#2 C:\xampp\htdocs\eternity\index.php(37): CodeIgniter\CodeIgniter->run()
#3 {main}
CRITICAL - 2022-08-28 09:04:10 --> syntax error, unexpected token "if"
#0 C:\xampp\htdocs\eternity\system\CodeIgniter.php(359): CodeIgniter\CodeIgniter->tryToRouteIt(NULL)
#1 C:\xampp\htdocs\eternity\system\CodeIgniter.php(318): CodeIgniter\CodeIgniter->handleRequest(NULL, Object(Config\Cache), false)
#2 C:\xampp\htdocs\eternity\index.php(37): CodeIgniter\CodeIgniter->run()
#3 {main}
CRITICAL - 2022-08-28 09:04:14 --> syntax error, unexpected token "if"
#0 C:\xampp\htdocs\eternity\system\CodeIgniter.php(359): CodeIgniter\CodeIgniter->tryToRouteIt(NULL)
#1 C:\xampp\htdocs\eternity\system\CodeIgniter.php(318): CodeIgniter\CodeIgniter->handleRequest(NULL, Object(Config\Cache), false)
#2 C:\xampp\htdocs\eternity\index.php(37): CodeIgniter\CodeIgniter->run()
#3 {main}
CRITICAL - 2022-08-28 09:04:16 --> syntax error, unexpected token "if"
#0 C:\xampp\htdocs\eternity\system\CodeIgniter.php(359): CodeIgniter\CodeIgniter->tryToRouteIt(NULL)
#1 C:\xampp\htdocs\eternity\system\CodeIgniter.php(318): CodeIgniter\CodeIgniter->handleRequest(NULL, Object(Config\Cache), false)
#2 C:\xampp\htdocs\eternity\index.php(37): CodeIgniter\CodeIgniter->run()
#3 {main}
CRITICAL - 2022-08-28 09:04:18 --> syntax error, unexpected token "if"
#0 C:\xampp\htdocs\eternity\system\CodeIgniter.php(359): CodeIgniter\CodeIgniter->tryToRouteIt(NULL)
#1 C:\xampp\htdocs\eternity\system\CodeIgniter.php(318): CodeIgniter\CodeIgniter->handleRequest(NULL, Object(Config\Cache), false)
#2 C:\xampp\htdocs\eternity\index.php(37): CodeIgniter\CodeIgniter->run()
#3 {main}
CRITICAL - 2022-08-28 09:04:19 --> syntax error, unexpected token "if"
#0 C:\xampp\htdocs\eternity\system\CodeIgniter.php(359): CodeIgniter\CodeIgniter->tryToRouteIt(NULL)
#1 C:\xampp\htdocs\eternity\system\CodeIgniter.php(318): CodeIgniter\CodeIgniter->handleRequest(NULL, Object(Config\Cache), false)
#2 C:\xampp\htdocs\eternity\index.php(37): CodeIgniter\CodeIgniter->run()
#3 {main}
CRITICAL - 2022-08-28 09:04:19 --> syntax error, unexpected token "if"
#0 C:\xampp\htdocs\eternity\system\CodeIgniter.php(359): CodeIgniter\CodeIgniter->tryToRouteIt(NULL)
#1 C:\xampp\htdocs\eternity\system\CodeIgniter.php(318): CodeIgniter\CodeIgniter->handleRequest(NULL, Object(Config\Cache), false)
#2 C:\xampp\htdocs\eternity\index.php(37): CodeIgniter\CodeIgniter->run()
#3 {main}
CRITICAL - 2022-08-28 09:05:33 --> syntax error, unexpected token "if"
#0 C:\xampp\htdocs\eternity\system\CodeIgniter.php(359): CodeIgniter\CodeIgniter->tryToRouteIt(NULL)
#1 C:\xampp\htdocs\eternity\system\CodeIgniter.php(318): CodeIgniter\CodeIgniter->handleRequest(NULL, Object(Config\Cache), false)
#2 C:\xampp\htdocs\eternity\index.php(37): CodeIgniter\CodeIgniter->run()
#3 {main}
CRITICAL - 2022-08-28 09:05:57 --> syntax error, unexpected token "if"
#0 C:\xampp\htdocs\eternity\system\CodeIgniter.php(359): CodeIgniter\CodeIgniter->tryToRouteIt(NULL)
#1 C:\xampp\htdocs\eternity\system\CodeIgniter.php(318): CodeIgniter\CodeIgniter->handleRequest(NULL, Object(Config\Cache), false)
#2 C:\xampp\htdocs\eternity\index.php(37): CodeIgniter\CodeIgniter->run()
#3 {main}
CRITICAL - 2022-08-28 09:06:01 --> syntax error, unexpected token "if"
#0 C:\xampp\htdocs\eternity\system\CodeIgniter.php(359): CodeIgniter\CodeIgniter->tryToRouteIt(NULL)
#1 C:\xampp\htdocs\eternity\system\CodeIgniter.php(318): CodeIgniter\CodeIgniter->handleRequest(NULL, Object(Config\Cache), false)
#2 C:\xampp\htdocs\eternity\index.php(37): CodeIgniter\CodeIgniter->run()
#3 {main}
