CRITICAL - 2021-12-04 01:21:40 --> Undefined property: stdClass::$dob
#0 C:\xampp\htdocs\codei\app\Views\update.php(54): CodeIgniter\Debug\Exceptions->errorHandler(2, 'Undefined prope...', 'C:\\xampp\\htdocs...', 54)
#1 C:\xampp\htdocs\codei\system\View\View.php(214): include('C:\\xampp\\htdocs...')
#2 C:\xampp\htdocs\codei\system\View\View.php(217): CodeIgniter\View\View->CodeIgniter\View\{closure}()
#3 C:\xampp\htdocs\codei\system\Common.php(1097): CodeIgniter\View\View->render('update', Array, true)
#4 C:\xampp\htdocs\codei\app\Controllers\Home.php(47): view('update', Array)
#5 C:\xampp\htdocs\codei\system\CodeIgniter.php(824): App\Controllers\Home->crudview('11')
#6 C:\xampp\htdocs\codei\system\CodeIgniter.php(410): CodeIgniter\CodeIgniter->runController(Object(App\Controllers\Home))
#7 C:\xampp\htdocs\codei\system\CodeIgniter.php(318): CodeIgniter\CodeIgniter->handleRequest(NULL, Object(Config\Cache), false)
#8 C:\xampp\htdocs\codei\index.php(37): CodeIgniter\CodeIgniter->run()
#9 {main}
CRITICAL - 2021-12-04 01:22:15 --> Undefined property: stdClass::$dob
#0 C:\xampp\htdocs\codei\app\Views\update.php(54): CodeIgniter\Debug\Exceptions->errorHandler(2, 'Undefined prope...', 'C:\\xampp\\htdocs...', 54)
#1 C:\xampp\htdocs\codei\system\View\View.php(214): include('C:\\xampp\\htdocs...')
#2 C:\xampp\htdocs\codei\system\View\View.php(217): CodeIgniter\View\View->CodeIgniter\View\{closure}()
#3 C:\xampp\htdocs\codei\system\Common.php(1097): CodeIgniter\View\View->render('update', Array, true)
#4 C:\xampp\htdocs\codei\app\Controllers\Home.php(47): view('update', Array)
#5 C:\xampp\htdocs\codei\system\CodeIgniter.php(824): App\Controllers\Home->crudview('11')
#6 C:\xampp\htdocs\codei\system\CodeIgniter.php(410): CodeIgniter\CodeIgniter->runController(Object(App\Controllers\Home))
#7 C:\xampp\htdocs\codei\system\CodeIgniter.php(318): CodeIgniter\CodeIgniter->handleRequest(NULL, Object(Config\Cache), false)
#8 C:\xampp\htdocs\codei\index.php(37): CodeIgniter\CodeIgniter->run()
#9 {main}
CRITICAL - 2021-12-04 01:38:41 --> syntax error, unexpected token "/", expecting end of file
#0 C:\xampp\htdocs\codei\system\View\View.php(217): CodeIgniter\View\View->CodeIgniter\View\{closure}()
#1 C:\xampp\htdocs\codei\system\Common.php(1097): CodeIgniter\View\View->render('View', Array, true)
#2 C:\xampp\htdocs\codei\app\Controllers\Home.php(16): view('View', Array)
#3 C:\xampp\htdocs\codei\system\CodeIgniter.php(824): App\Controllers\Home->index()
#4 C:\xampp\htdocs\codei\system\CodeIgniter.php(410): CodeIgniter\CodeIgniter->runController(Object(App\Controllers\Home))
#5 C:\xampp\htdocs\codei\system\CodeIgniter.php(318): CodeIgniter\CodeIgniter->handleRequest(NULL, Object(Config\Cache), false)
#6 C:\xampp\htdocs\codei\index.php(37): CodeIgniter\CodeIgniter->run()
#7 {main}
