CRITICAL - 2022-09-16 08:43:15 --> Undefined array key 0
#0 C:\xampp\htdocs\eternity\app\Controllers\User.php(95): CodeIgniter\Debug\Exceptions->errorHandler(2, 'Undefined array...', 'C:\\xampp\\htdocs...', 95)
#1 C:\xampp\htdocs\eternity\app\Controllers\User.php(87): App\Controllers\User->CompanyProfile()
#2 C:\xampp\htdocs\eternity\system\CodeIgniter.php(824): App\Controllers\User->Login()
#3 C:\xampp\htdocs\eternity\system\CodeIgniter.php(410): CodeIgniter\CodeIgniter->runController(Object(App\Controllers\User))
#4 C:\xampp\htdocs\eternity\system\CodeIgniter.php(318): CodeIgniter\CodeIgniter->handleRequest(NULL, Object(Config\Cache), false)
#5 C:\xampp\htdocs\eternity\index.php(37): CodeIgniter\CodeIgniter->run()
#6 {main}
CRITICAL - 2022-09-16 09:06:45 --> Undefined array key 0
#0 C:\xampp\htdocs\eternity\app\Controllers\User.php(95): CodeIgniter\Debug\Exceptions->errorHandler(2, 'Undefined array...', 'C:\\xampp\\htdocs...', 95)
#1 C:\xampp\htdocs\eternity\app\Controllers\User.php(87): App\Controllers\User->CompanyProfile()
#2 C:\xampp\htdocs\eternity\system\CodeIgniter.php(824): App\Controllers\User->Login()
#3 C:\xampp\htdocs\eternity\system\CodeIgniter.php(410): CodeIgniter\CodeIgniter->runController(Object(App\Controllers\User))
#4 C:\xampp\htdocs\eternity\system\CodeIgniter.php(318): CodeIgniter\CodeIgniter->handleRequest(NULL, Object(Config\Cache), false)
#5 C:\xampp\htdocs\eternity\index.php(37): CodeIgniter\CodeIgniter->run()
#6 {main}
CRITICAL - 2022-09-16 09:06:49 --> Undefined array key 0
#0 C:\xampp\htdocs\eternity\app\Controllers\User.php(95): CodeIgniter\Debug\Exceptions->errorHandler(2, 'Undefined array...', 'C:\\xampp\\htdocs...', 95)
#1 C:\xampp\htdocs\eternity\app\Controllers\User.php(117): App\Controllers\User->CompanyProfile()
#2 C:\xampp\htdocs\eternity\system\CodeIgniter.php(824): App\Controllers\User->login_page()
#3 C:\xampp\htdocs\eternity\system\CodeIgniter.php(410): CodeIgniter\CodeIgniter->runController(Object(App\Controllers\User))
#4 C:\xampp\htdocs\eternity\system\CodeIgniter.php(318): CodeIgniter\CodeIgniter->handleRequest(NULL, Object(Config\Cache), false)
#5 C:\xampp\htdocs\eternity\index.php(37): CodeIgniter\CodeIgniter->run()
#6 {main}
CRITICAL - 2022-09-16 09:07:01 --> Undefined array key 0
#0 C:\xampp\htdocs\eternity\app\Controllers\User.php(95): CodeIgniter\Debug\Exceptions->errorHandler(2, 'Undefined array...', 'C:\\xampp\\htdocs...', 95)
#1 C:\xampp\htdocs\eternity\app\Controllers\User.php(117): App\Controllers\User->CompanyProfile()
#2 C:\xampp\htdocs\eternity\system\CodeIgniter.php(824): App\Controllers\User->login_page()
#3 C:\xampp\htdocs\eternity\system\CodeIgniter.php(410): CodeIgniter\CodeIgniter->runController(Object(App\Controllers\User))
#4 C:\xampp\htdocs\eternity\system\CodeIgniter.php(318): CodeIgniter\CodeIgniter->handleRequest(NULL, Object(Config\Cache), false)
#5 C:\xampp\htdocs\eternity\index.php(37): CodeIgniter\CodeIgniter->run()
#6 {main}
CRITICAL - 2022-09-16 09:22:44 --> Cannot redeclare App\Controllers\User::Dashboard()
#0 [internal function]: CodeIgniter\Debug\Exceptions->shutdownHandler()
#1 {main}
CRITICAL - 2022-09-16 09:23:03 --> Cannot redeclare App\Controllers\User::Dashboard()
#0 [internal function]: CodeIgniter\Debug\Exceptions->shutdownHandler()
#1 {main}
CRITICAL - 2022-09-16 09:23:44 --> Undefined array key 0
#0 C:\xampp\htdocs\eternity\app\Controllers\User.php(95): CodeIgniter\Debug\Exceptions->errorHandler(2, 'Undefined array...', 'C:\\xampp\\htdocs...', 95)
#1 C:\xampp\htdocs\eternity\app\Controllers\User.php(117): App\Controllers\User->CompanyProfile()
#2 C:\xampp\htdocs\eternity\system\CodeIgniter.php(824): App\Controllers\User->login_page()
#3 C:\xampp\htdocs\eternity\system\CodeIgniter.php(410): CodeIgniter\CodeIgniter->runController(Object(App\Controllers\User))
#4 C:\xampp\htdocs\eternity\system\CodeIgniter.php(318): CodeIgniter\CodeIgniter->handleRequest(NULL, Object(Config\Cache), false)
#5 C:\xampp\htdocs\eternity\index.php(37): CodeIgniter\CodeIgniter->run()
#6 {main}
CRITICAL - 2022-09-16 09:23:56 --> Undefined array key 0
#0 C:\xampp\htdocs\eternity\app\Controllers\User.php(95): CodeIgniter\Debug\Exceptions->errorHandler(2, 'Undefined array...', 'C:\\xampp\\htdocs...', 95)
#1 C:\xampp\htdocs\eternity\app\Controllers\User.php(117): App\Controllers\User->CompanyProfile()
#2 C:\xampp\htdocs\eternity\system\CodeIgniter.php(824): App\Controllers\User->login_page()
#3 C:\xampp\htdocs\eternity\system\CodeIgniter.php(410): CodeIgniter\CodeIgniter->runController(Object(App\Controllers\User))
#4 C:\xampp\htdocs\eternity\system\CodeIgniter.php(318): CodeIgniter\CodeIgniter->handleRequest(NULL, Object(Config\Cache), false)
#5 C:\xampp\htdocs\eternity\index.php(37): CodeIgniter\CodeIgniter->run()
#6 {main}
CRITICAL - 2022-09-16 09:46:09 --> Undefined array key 0
#0 C:\xampp\htdocs\eternity\app\Controllers\User.php(95): CodeIgniter\Debug\Exceptions->errorHandler(2, 'Undefined array...', 'C:\\xampp\\htdocs...', 95)
#1 C:\xampp\htdocs\eternity\app\Controllers\User.php(117): App\Controllers\User->CompanyProfile()
#2 C:\xampp\htdocs\eternity\system\CodeIgniter.php(824): App\Controllers\User->login_page()
#3 C:\xampp\htdocs\eternity\system\CodeIgniter.php(410): CodeIgniter\CodeIgniter->runController(Object(App\Controllers\User))
#4 C:\xampp\htdocs\eternity\system\CodeIgniter.php(318): CodeIgniter\CodeIgniter->handleRequest(NULL, Object(Config\Cache), false)
#5 C:\xampp\htdocs\eternity\index.php(37): CodeIgniter\CodeIgniter->run()
#6 {main}
CRITICAL - 2022-09-16 09:46:11 --> Undefined array key 0
#0 C:\xampp\htdocs\eternity\app\Controllers\User.php(95): CodeIgniter\Debug\Exceptions->errorHandler(2, 'Undefined array...', 'C:\\xampp\\htdocs...', 95)
#1 C:\xampp\htdocs\eternity\app\Controllers\User.php(117): App\Controllers\User->CompanyProfile()
#2 C:\xampp\htdocs\eternity\system\CodeIgniter.php(824): App\Controllers\User->login_page()
#3 C:\xampp\htdocs\eternity\system\CodeIgniter.php(410): CodeIgniter\CodeIgniter->runController(Object(App\Controllers\User))
#4 C:\xampp\htdocs\eternity\system\CodeIgniter.php(318): CodeIgniter\CodeIgniter->handleRequest(NULL, Object(Config\Cache), false)
#5 C:\xampp\htdocs\eternity\index.php(37): CodeIgniter\CodeIgniter->run()
#6 {main}
CRITICAL - 2022-09-16 09:46:11 --> Undefined array key 0
#0 C:\xampp\htdocs\eternity\app\Controllers\User.php(95): CodeIgniter\Debug\Exceptions->errorHandler(2, 'Undefined array...', 'C:\\xampp\\htdocs...', 95)
#1 C:\xampp\htdocs\eternity\app\Controllers\User.php(117): App\Controllers\User->CompanyProfile()
#2 C:\xampp\htdocs\eternity\system\CodeIgniter.php(824): App\Controllers\User->login_page()
#3 C:\xampp\htdocs\eternity\system\CodeIgniter.php(410): CodeIgniter\CodeIgniter->runController(Object(App\Controllers\User))
#4 C:\xampp\htdocs\eternity\system\CodeIgniter.php(318): CodeIgniter\CodeIgniter->handleRequest(NULL, Object(Config\Cache), false)
#5 C:\xampp\htdocs\eternity\index.php(37): CodeIgniter\CodeIgniter->run()
#6 {main}
CRITICAL - 2022-09-16 09:47:33 --> Undefined array key 0
#0 C:\xampp\htdocs\eternity\app\Controllers\User.php(95): CodeIgniter\Debug\Exceptions->errorHandler(2, 'Undefined array...', 'C:\\xampp\\htdocs...', 95)
#1 C:\xampp\htdocs\eternity\app\Controllers\User.php(117): App\Controllers\User->CompanyProfile()
#2 C:\xampp\htdocs\eternity\system\CodeIgniter.php(824): App\Controllers\User->login_page()
#3 C:\xampp\htdocs\eternity\system\CodeIgniter.php(410): CodeIgniter\CodeIgniter->runController(Object(App\Controllers\User))
#4 C:\xampp\htdocs\eternity\system\CodeIgniter.php(318): CodeIgniter\CodeIgniter->handleRequest(NULL, Object(Config\Cache), false)
#5 C:\xampp\htdocs\eternity\index.php(37): CodeIgniter\CodeIgniter->run()
#6 {main}
CRITICAL - 2022-09-16 09:49:06 --> Undefined array key 0
#0 C:\xampp\htdocs\eternity\app\Controllers\User.php(95): CodeIgniter\Debug\Exceptions->errorHandler(2, 'Undefined array...', 'C:\\xampp\\htdocs...', 95)
#1 C:\xampp\htdocs\eternity\app\Controllers\User.php(117): App\Controllers\User->CompanyProfile()
#2 C:\xampp\htdocs\eternity\system\CodeIgniter.php(824): App\Controllers\User->login_page()
#3 C:\xampp\htdocs\eternity\system\CodeIgniter.php(410): CodeIgniter\CodeIgniter->runController(Object(App\Controllers\User))
#4 C:\xampp\htdocs\eternity\system\CodeIgniter.php(318): CodeIgniter\CodeIgniter->handleRequest(NULL, Object(Config\Cache), false)
#5 C:\xampp\htdocs\eternity\index.php(37): CodeIgniter\CodeIgniter->run()
#6 {main}
CRITICAL - 2022-09-16 09:49:07 --> Undefined array key 0
#0 C:\xampp\htdocs\eternity\app\Controllers\User.php(95): CodeIgniter\Debug\Exceptions->errorHandler(2, 'Undefined array...', 'C:\\xampp\\htdocs...', 95)
#1 C:\xampp\htdocs\eternity\app\Controllers\User.php(117): App\Controllers\User->CompanyProfile()
#2 C:\xampp\htdocs\eternity\system\CodeIgniter.php(824): App\Controllers\User->login_page()
#3 C:\xampp\htdocs\eternity\system\CodeIgniter.php(410): CodeIgniter\CodeIgniter->runController(Object(App\Controllers\User))
#4 C:\xampp\htdocs\eternity\system\CodeIgniter.php(318): CodeIgniter\CodeIgniter->handleRequest(NULL, Object(Config\Cache), false)
#5 C:\xampp\htdocs\eternity\index.php(37): CodeIgniter\CodeIgniter->run()
#6 {main}
CRITICAL - 2022-09-16 09:49:08 --> Undefined array key 0
#0 C:\xampp\htdocs\eternity\app\Controllers\User.php(95): CodeIgniter\Debug\Exceptions->errorHandler(2, 'Undefined array...', 'C:\\xampp\\htdocs...', 95)
#1 C:\xampp\htdocs\eternity\app\Controllers\User.php(117): App\Controllers\User->CompanyProfile()
#2 C:\xampp\htdocs\eternity\system\CodeIgniter.php(824): App\Controllers\User->login_page()
#3 C:\xampp\htdocs\eternity\system\CodeIgniter.php(410): CodeIgniter\CodeIgniter->runController(Object(App\Controllers\User))
#4 C:\xampp\htdocs\eternity\system\CodeIgniter.php(318): CodeIgniter\CodeIgniter->handleRequest(NULL, Object(Config\Cache), false)
#5 C:\xampp\htdocs\eternity\index.php(37): CodeIgniter\CodeIgniter->run()
#6 {main}
CRITICAL - 2022-09-16 09:49:08 --> Undefined array key 0
#0 C:\xampp\htdocs\eternity\app\Controllers\User.php(95): CodeIgniter\Debug\Exceptions->errorHandler(2, 'Undefined array...', 'C:\\xampp\\htdocs...', 95)
#1 C:\xampp\htdocs\eternity\app\Controllers\User.php(117): App\Controllers\User->CompanyProfile()
#2 C:\xampp\htdocs\eternity\system\CodeIgniter.php(824): App\Controllers\User->login_page()
#3 C:\xampp\htdocs\eternity\system\CodeIgniter.php(410): CodeIgniter\CodeIgniter->runController(Object(App\Controllers\User))
#4 C:\xampp\htdocs\eternity\system\CodeIgniter.php(318): CodeIgniter\CodeIgniter->handleRequest(NULL, Object(Config\Cache), false)
#5 C:\xampp\htdocs\eternity\index.php(37): CodeIgniter\CodeIgniter->run()
#6 {main}
CRITICAL - 2022-09-16 09:49:08 --> Undefined array key 0
#0 C:\xampp\htdocs\eternity\app\Controllers\User.php(95): CodeIgniter\Debug\Exceptions->errorHandler(2, 'Undefined array...', 'C:\\xampp\\htdocs...', 95)
#1 C:\xampp\htdocs\eternity\app\Controllers\User.php(117): App\Controllers\User->CompanyProfile()
#2 C:\xampp\htdocs\eternity\system\CodeIgniter.php(824): App\Controllers\User->login_page()
#3 C:\xampp\htdocs\eternity\system\CodeIgniter.php(410): CodeIgniter\CodeIgniter->runController(Object(App\Controllers\User))
#4 C:\xampp\htdocs\eternity\system\CodeIgniter.php(318): CodeIgniter\CodeIgniter->handleRequest(NULL, Object(Config\Cache), false)
#5 C:\xampp\htdocs\eternity\index.php(37): CodeIgniter\CodeIgniter->run()
#6 {main}
CRITICAL - 2022-09-16 09:54:57 --> Undefined array key 0
#0 C:\xampp\htdocs\eternity\app\Controllers\User.php(95): CodeIgniter\Debug\Exceptions->errorHandler(2, 'Undefined array...', 'C:\\xampp\\htdocs...', 95)
#1 C:\xampp\htdocs\eternity\app\Controllers\User.php(117): App\Controllers\User->CompanyProfile()
#2 C:\xampp\htdocs\eternity\system\CodeIgniter.php(824): App\Controllers\User->login_page()
#3 C:\xampp\htdocs\eternity\system\CodeIgniter.php(410): CodeIgniter\CodeIgniter->runController(Object(App\Controllers\User))
#4 C:\xampp\htdocs\eternity\system\CodeIgniter.php(318): CodeIgniter\CodeIgniter->handleRequest(NULL, Object(Config\Cache), false)
#5 C:\xampp\htdocs\eternity\index.php(37): CodeIgniter\CodeIgniter->run()
#6 {main}
CRITICAL - 2022-09-16 09:54:58 --> Undefined array key 0
#0 C:\xampp\htdocs\eternity\app\Controllers\User.php(95): CodeIgniter\Debug\Exceptions->errorHandler(2, 'Undefined array...', 'C:\\xampp\\htdocs...', 95)
#1 C:\xampp\htdocs\eternity\app\Controllers\User.php(117): App\Controllers\User->CompanyProfile()
#2 C:\xampp\htdocs\eternity\system\CodeIgniter.php(824): App\Controllers\User->login_page()
#3 C:\xampp\htdocs\eternity\system\CodeIgniter.php(410): CodeIgniter\CodeIgniter->runController(Object(App\Controllers\User))
#4 C:\xampp\htdocs\eternity\system\CodeIgniter.php(318): CodeIgniter\CodeIgniter->handleRequest(NULL, Object(Config\Cache), false)
#5 C:\xampp\htdocs\eternity\index.php(37): CodeIgniter\CodeIgniter->run()
#6 {main}
CRITICAL - 2022-09-16 09:54:59 --> Undefined array key 0
#0 C:\xampp\htdocs\eternity\app\Controllers\User.php(95): CodeIgniter\Debug\Exceptions->errorHandler(2, 'Undefined array...', 'C:\\xampp\\htdocs...', 95)
#1 C:\xampp\htdocs\eternity\app\Controllers\User.php(117): App\Controllers\User->CompanyProfile()
#2 C:\xampp\htdocs\eternity\system\CodeIgniter.php(824): App\Controllers\User->login_page()
#3 C:\xampp\htdocs\eternity\system\CodeIgniter.php(410): CodeIgniter\CodeIgniter->runController(Object(App\Controllers\User))
#4 C:\xampp\htdocs\eternity\system\CodeIgniter.php(318): CodeIgniter\CodeIgniter->handleRequest(NULL, Object(Config\Cache), false)
#5 C:\xampp\htdocs\eternity\index.php(37): CodeIgniter\CodeIgniter->run()
#6 {main}
CRITICAL - 2022-09-16 09:54:59 --> Undefined array key 0
#0 C:\xampp\htdocs\eternity\app\Controllers\User.php(95): CodeIgniter\Debug\Exceptions->errorHandler(2, 'Undefined array...', 'C:\\xampp\\htdocs...', 95)
#1 C:\xampp\htdocs\eternity\app\Controllers\User.php(117): App\Controllers\User->CompanyProfile()
#2 C:\xampp\htdocs\eternity\system\CodeIgniter.php(824): App\Controllers\User->login_page()
#3 C:\xampp\htdocs\eternity\system\CodeIgniter.php(410): CodeIgniter\CodeIgniter->runController(Object(App\Controllers\User))
#4 C:\xampp\htdocs\eternity\system\CodeIgniter.php(318): CodeIgniter\CodeIgniter->handleRequest(NULL, Object(Config\Cache), false)
#5 C:\xampp\htdocs\eternity\index.php(37): CodeIgniter\CodeIgniter->run()
#6 {main}
CRITICAL - 2022-09-16 09:54:59 --> Undefined array key 0
#0 C:\xampp\htdocs\eternity\app\Controllers\User.php(95): CodeIgniter\Debug\Exceptions->errorHandler(2, 'Undefined array...', 'C:\\xampp\\htdocs...', 95)
#1 C:\xampp\htdocs\eternity\app\Controllers\User.php(117): App\Controllers\User->CompanyProfile()
#2 C:\xampp\htdocs\eternity\system\CodeIgniter.php(824): App\Controllers\User->login_page()
#3 C:\xampp\htdocs\eternity\system\CodeIgniter.php(410): CodeIgniter\CodeIgniter->runController(Object(App\Controllers\User))
#4 C:\xampp\htdocs\eternity\system\CodeIgniter.php(318): CodeIgniter\CodeIgniter->handleRequest(NULL, Object(Config\Cache), false)
#5 C:\xampp\htdocs\eternity\index.php(37): CodeIgniter\CodeIgniter->run()
#6 {main}
CRITICAL - 2022-09-16 09:54:59 --> Undefined array key 0
#0 C:\xampp\htdocs\eternity\app\Controllers\User.php(95): CodeIgniter\Debug\Exceptions->errorHandler(2, 'Undefined array...', 'C:\\xampp\\htdocs...', 95)
#1 C:\xampp\htdocs\eternity\app\Controllers\User.php(117): App\Controllers\User->CompanyProfile()
#2 C:\xampp\htdocs\eternity\system\CodeIgniter.php(824): App\Controllers\User->login_page()
#3 C:\xampp\htdocs\eternity\system\CodeIgniter.php(410): CodeIgniter\CodeIgniter->runController(Object(App\Controllers\User))
#4 C:\xampp\htdocs\eternity\system\CodeIgniter.php(318): CodeIgniter\CodeIgniter->handleRequest(NULL, Object(Config\Cache), false)
#5 C:\xampp\htdocs\eternity\index.php(37): CodeIgniter\CodeIgniter->run()
#6 {main}
CRITICAL - 2022-09-16 09:54:59 --> Undefined array key 0
#0 C:\xampp\htdocs\eternity\app\Controllers\User.php(95): CodeIgniter\Debug\Exceptions->errorHandler(2, 'Undefined array...', 'C:\\xampp\\htdocs...', 95)
#1 C:\xampp\htdocs\eternity\app\Controllers\User.php(117): App\Controllers\User->CompanyProfile()
#2 C:\xampp\htdocs\eternity\system\CodeIgniter.php(824): App\Controllers\User->login_page()
#3 C:\xampp\htdocs\eternity\system\CodeIgniter.php(410): CodeIgniter\CodeIgniter->runController(Object(App\Controllers\User))
#4 C:\xampp\htdocs\eternity\system\CodeIgniter.php(318): CodeIgniter\CodeIgniter->handleRequest(NULL, Object(Config\Cache), false)
#5 C:\xampp\htdocs\eternity\index.php(37): CodeIgniter\CodeIgniter->run()
#6 {main}
CRITICAL - 2022-09-16 09:56:00 --> Undefined array key 0
#0 C:\xampp\htdocs\eternity\app\Controllers\User.php(95): CodeIgniter\Debug\Exceptions->errorHandler(2, 'Undefined array...', 'C:\\xampp\\htdocs...', 95)
#1 C:\xampp\htdocs\eternity\app\Controllers\User.php(117): App\Controllers\User->CompanyProfile()
#2 C:\xampp\htdocs\eternity\system\CodeIgniter.php(824): App\Controllers\User->login_page()
#3 C:\xampp\htdocs\eternity\system\CodeIgniter.php(410): CodeIgniter\CodeIgniter->runController(Object(App\Controllers\User))
#4 C:\xampp\htdocs\eternity\system\CodeIgniter.php(318): CodeIgniter\CodeIgniter->handleRequest(NULL, Object(Config\Cache), false)
#5 C:\xampp\htdocs\eternity\index.php(37): CodeIgniter\CodeIgniter->run()
#6 {main}
CRITICAL - 2022-09-16 09:56:02 --> Undefined array key 0
#0 C:\xampp\htdocs\eternity\app\Controllers\User.php(95): CodeIgniter\Debug\Exceptions->errorHandler(2, 'Undefined array...', 'C:\\xampp\\htdocs...', 95)
#1 C:\xampp\htdocs\eternity\app\Controllers\User.php(117): App\Controllers\User->CompanyProfile()
#2 C:\xampp\htdocs\eternity\system\CodeIgniter.php(824): App\Controllers\User->login_page()
#3 C:\xampp\htdocs\eternity\system\CodeIgniter.php(410): CodeIgniter\CodeIgniter->runController(Object(App\Controllers\User))
#4 C:\xampp\htdocs\eternity\system\CodeIgniter.php(318): CodeIgniter\CodeIgniter->handleRequest(NULL, Object(Config\Cache), false)
#5 C:\xampp\htdocs\eternity\index.php(37): CodeIgniter\CodeIgniter->run()
#6 {main}
CRITICAL - 2022-09-16 10:03:15 --> Undefined array key 0
#0 C:\xampp\htdocs\eternity\app\Controllers\User.php(95): CodeIgniter\Debug\Exceptions->errorHandler(2, 'Undefined array...', 'C:\\xampp\\htdocs...', 95)
#1 C:\xampp\htdocs\eternity\app\Controllers\User.php(117): App\Controllers\User->CompanyProfile()
#2 C:\xampp\htdocs\eternity\system\CodeIgniter.php(824): App\Controllers\User->login_page()
#3 C:\xampp\htdocs\eternity\system\CodeIgniter.php(410): CodeIgniter\CodeIgniter->runController(Object(App\Controllers\User))
#4 C:\xampp\htdocs\eternity\system\CodeIgniter.php(318): CodeIgniter\CodeIgniter->handleRequest(NULL, Object(Config\Cache), false)
#5 C:\xampp\htdocs\eternity\index.php(37): CodeIgniter\CodeIgniter->run()
#6 {main}
