CRITICAL - 2021-11-23 23:55:38 --> Unmatched '}'
#0 C:\xampp\htdocs\codei\system\Autoloader\Autoloader.php(241): CodeIgniter\Autoloader\Autoloader->includeFile('C:\\xampp\\htdocs...')
#1 C:\xampp\htdocs\codei\system\Autoloader\Autoloader.php(219): CodeIgniter\Autoloader\Autoloader->loadInNamespace('App\\Controllers...')
#2 [internal function]: CodeIgniter\Autoloader\Autoloader->loadClass('App\\Controllers...')
#3 C:\xampp\htdocs\codei\system\CodeIgniter.php(789): class_exists('\\App\\Controller...', true)
#4 C:\xampp\htdocs\codei\system\CodeIgniter.php(397): CodeIgniter\CodeIgniter->startController()
#5 C:\xampp\htdocs\codei\system\CodeIgniter.php(318): CodeIgniter\CodeIgniter->handleRequest(NULL, Object(Config\Cache), false)
#6 C:\xampp\htdocs\codei\index.php(37): CodeIgniter\CodeIgniter->run()
#7 {main}
CRITICAL - 2021-11-23 23:57:01 --> Class "App\Models\Crudmodel" not found
#0 C:\xampp\htdocs\codei\system\CodeIgniter.php(801): App\Controllers\Home->__construct()
#1 C:\xampp\htdocs\codei\system\CodeIgniter.php(401): CodeIgniter\CodeIgniter->createController()
#2 C:\xampp\htdocs\codei\system\CodeIgniter.php(318): CodeIgniter\CodeIgniter->handleRequest(NULL, Object(Config\Cache), false)
#3 C:\xampp\htdocs\codei\index.php(37): CodeIgniter\CodeIgniter->run()
#4 {main}
CRITICAL - 2021-11-23 23:57:45 --> Class "App\Models\Crudmodel" not found
#0 C:\xampp\htdocs\codei\system\CodeIgniter.php(801): App\Controllers\Home->__construct()
#1 C:\xampp\htdocs\codei\system\CodeIgniter.php(401): CodeIgniter\CodeIgniter->createController()
#2 C:\xampp\htdocs\codei\system\CodeIgniter.php(318): CodeIgniter\CodeIgniter->handleRequest(NULL, Object(Config\Cache), false)
#3 C:\xampp\htdocs\codei\index.php(37): CodeIgniter\CodeIgniter->run()
#4 {main}
CRITICAL - 2021-11-23 23:57:46 --> Class "App\Models\Crudmodel" not found
#0 C:\xampp\htdocs\codei\system\CodeIgniter.php(801): App\Controllers\Home->__construct()
#1 C:\xampp\htdocs\codei\system\CodeIgniter.php(401): CodeIgniter\CodeIgniter->createController()
#2 C:\xampp\htdocs\codei\system\CodeIgniter.php(318): CodeIgniter\CodeIgniter->handleRequest(NULL, Object(Config\Cache), false)
#3 C:\xampp\htdocs\codei\index.php(37): CodeIgniter\CodeIgniter->run()
#4 {main}
CRITICAL - 2021-11-23 23:57:47 --> Class "App\Models\Crudmodel" not found
#0 C:\xampp\htdocs\codei\system\CodeIgniter.php(801): App\Controllers\Home->__construct()
#1 C:\xampp\htdocs\codei\system\CodeIgniter.php(401): CodeIgniter\CodeIgniter->createController()
#2 C:\xampp\htdocs\codei\system\CodeIgniter.php(318): CodeIgniter\CodeIgniter->handleRequest(NULL, Object(Config\Cache), false)
#3 C:\xampp\htdocs\codei\index.php(37): CodeIgniter\CodeIgniter->run()
#4 {main}
CRITICAL - 2021-11-23 23:57:47 --> Class "App\Models\Crudmodel" not found
#0 C:\xampp\htdocs\codei\system\CodeIgniter.php(801): App\Controllers\Home->__construct()
#1 C:\xampp\htdocs\codei\system\CodeIgniter.php(401): CodeIgniter\CodeIgniter->createController()
#2 C:\xampp\htdocs\codei\system\CodeIgniter.php(318): CodeIgniter\CodeIgniter->handleRequest(NULL, Object(Config\Cache), false)
#3 C:\xampp\htdocs\codei\index.php(37): CodeIgniter\CodeIgniter->run()
#4 {main}
CRITICAL - 2021-11-23 23:57:48 --> Class "App\Models\Crudmodel" not found
#0 C:\xampp\htdocs\codei\system\CodeIgniter.php(801): App\Controllers\Home->__construct()
#1 C:\xampp\htdocs\codei\system\CodeIgniter.php(401): CodeIgniter\CodeIgniter->createController()
#2 C:\xampp\htdocs\codei\system\CodeIgniter.php(318): CodeIgniter\CodeIgniter->handleRequest(NULL, Object(Config\Cache), false)
#3 C:\xampp\htdocs\codei\index.php(37): CodeIgniter\CodeIgniter->run()
#4 {main}
CRITICAL - 2021-11-23 23:57:48 --> Class "App\Models\Crudmodel" not found
#0 C:\xampp\htdocs\codei\system\CodeIgniter.php(801): App\Controllers\Home->__construct()
#1 C:\xampp\htdocs\codei\system\CodeIgniter.php(401): CodeIgniter\CodeIgniter->createController()
#2 C:\xampp\htdocs\codei\system\CodeIgniter.php(318): CodeIgniter\CodeIgniter->handleRequest(NULL, Object(Config\Cache), false)
#3 C:\xampp\htdocs\codei\index.php(37): CodeIgniter\CodeIgniter->run()
#4 {main}
CRITICAL - 2021-11-23 23:57:48 --> Class "App\Models\Crudmodel" not found
#0 C:\xampp\htdocs\codei\system\CodeIgniter.php(801): App\Controllers\Home->__construct()
#1 C:\xampp\htdocs\codei\system\CodeIgniter.php(401): CodeIgniter\CodeIgniter->createController()
#2 C:\xampp\htdocs\codei\system\CodeIgniter.php(318): CodeIgniter\CodeIgniter->handleRequest(NULL, Object(Config\Cache), false)
#3 C:\xampp\htdocs\codei\index.php(37): CodeIgniter\CodeIgniter->run()
#4 {main}
CRITICAL - 2021-11-23 23:57:48 --> Class "App\Models\Crudmodel" not found
#0 C:\xampp\htdocs\codei\system\CodeIgniter.php(801): App\Controllers\Home->__construct()
#1 C:\xampp\htdocs\codei\system\CodeIgniter.php(401): CodeIgniter\CodeIgniter->createController()
#2 C:\xampp\htdocs\codei\system\CodeIgniter.php(318): CodeIgniter\CodeIgniter->handleRequest(NULL, Object(Config\Cache), false)
#3 C:\xampp\htdocs\codei\index.php(37): CodeIgniter\CodeIgniter->run()
#4 {main}
