CRITICAL - 2022-10-04 11:17:56 --> syntax error, unexpected token "else"
#0 C:\xampp\htdocs\eternity\system\Autoloader\Autoloader.php(241): CodeIgniter\Autoloader\Autoloader->includeFile('C:\\xampp\\htdocs...')
#1 C:\xampp\htdocs\eternity\system\Autoloader\Autoloader.php(219): CodeIgniter\Autoloader\Autoloader->loadInNamespace('App\\Controllers...')
#2 [internal function]: CodeIgniter\Autoloader\Autoloader->loadClass('App\\Controllers...')
#3 C:\xampp\htdocs\eternity\system\CodeIgniter.php(789): class_exists('\\App\\Controller...', true)
#4 C:\xampp\htdocs\eternity\system\CodeIgniter.php(397): CodeIgniter\CodeIgniter->startController()
#5 C:\xampp\htdocs\eternity\system\CodeIgniter.php(318): CodeIgniter\CodeIgniter->handleRequest(NULL, Object(Config\Cache), false)
#6 C:\xampp\htdocs\eternity\index.php(37): CodeIgniter\CodeIgniter->run()
#7 {main}
CRITICAL - 2022-10-04 11:19:33 --> Unclosed '{' on line 242
#0 C:\xampp\htdocs\eternity\system\Autoloader\Autoloader.php(241): CodeIgniter\Autoloader\Autoloader->includeFile('C:\\xampp\\htdocs...')
#1 C:\xampp\htdocs\eternity\system\Autoloader\Autoloader.php(219): CodeIgniter\Autoloader\Autoloader->loadInNamespace('App\\Controllers...')
#2 [internal function]: CodeIgniter\Autoloader\Autoloader->loadClass('App\\Controllers...')
#3 C:\xampp\htdocs\eternity\system\CodeIgniter.php(789): class_exists('\\App\\Controller...', true)
#4 C:\xampp\htdocs\eternity\system\CodeIgniter.php(397): CodeIgniter\CodeIgniter->startController()
#5 C:\xampp\htdocs\eternity\system\CodeIgniter.php(318): CodeIgniter\CodeIgniter->handleRequest(NULL, Object(Config\Cache), false)
#6 C:\xampp\htdocs\eternity\index.php(37): CodeIgniter\CodeIgniter->run()
#7 {main}
ERROR - 2022-10-04 11:42:13 --> Not unique table/alias: 'tbl_users'
CRITICAL - 2022-10-04 11:42:13 --> Not unique table/alias: 'tbl_users'
#0 C:\xampp\htdocs\eternity\system\Database\MySQLi\Connection.php(292): mysqli->query('SELECT *\nFROM `...', 0)
#1 C:\xampp\htdocs\eternity\system\Database\BaseConnection.php(670): CodeIgniter\Database\MySQLi\Connection->execute('SELECT *\nFROM `...')
#2 C:\xampp\htdocs\eternity\system\Database\BaseConnection.php(598): CodeIgniter\Database\BaseConnection->simpleQuery('SELECT *\nFROM `...')
#3 C:\xampp\htdocs\eternity\system\Database\BaseBuilder.php(1443): CodeIgniter\Database\BaseConnection->query('SELECT *\nFROM `...', Array, false)
#4 C:\xampp\htdocs\eternity\app\Models\Usermodel.php(112): CodeIgniter\Database\BaseBuilder->get()
#5 C:\xampp\htdocs\eternity\app\Controllers\User.php(214): App\Models\Usermodel->userpersonDataMdl('aju@gmail.com')
#6 C:\xampp\htdocs\eternity\app\Controllers\User.php(85): App\Controllers\User->personProfile()
#7 C:\xampp\htdocs\eternity\system\CodeIgniter.php(824): App\Controllers\User->Login()
#8 C:\xampp\htdocs\eternity\system\CodeIgniter.php(410): CodeIgniter\CodeIgniter->runController(Object(App\Controllers\User))
#9 C:\xampp\htdocs\eternity\system\CodeIgniter.php(318): CodeIgniter\CodeIgniter->handleRequest(NULL, Object(Config\Cache), false)
#10 C:\xampp\htdocs\eternity\index.php(37): CodeIgniter\CodeIgniter->run()
#11 {main}
