CRITICAL - 2022-12-28 00:27:45 --> Undefined array key 0
#0 C:\xampp\htdocs\eternity\app\Controllers\User.php(394): CodeIgniter\Debug\Exceptions->errorHandler(2, 'Undefined array...', 'C:\\xampp\\htdocs...', 394)
#1 C:\xampp\htdocs\eternity\app\Controllers\User.php(120): App\Controllers\User->rederection()
#2 C:\xampp\htdocs\eternity\system\CodeIgniter.php(824): App\Controllers\User->Login()
#3 C:\xampp\htdocs\eternity\system\CodeIgniter.php(410): CodeIgniter\CodeIgniter->runController(Object(App\Controllers\User))
#4 C:\xampp\htdocs\eternity\system\CodeIgniter.php(318): CodeIgniter\CodeIgniter->handleRequest(NULL, Object(Config\Cache), false)
#5 C:\xampp\htdocs\eternity\index.php(37): CodeIgniter\CodeIgniter->run()
#6 {main}
CRITICAL - 2022-12-28 00:28:25 --> Undefined array key 0
#0 C:\xampp\htdocs\eternity\app\Controllers\User.php(394): CodeIgniter\Debug\Exceptions->errorHandler(2, 'Undefined array...', 'C:\\xampp\\htdocs...', 394)
#1 C:\xampp\htdocs\eternity\app\Controllers\User.php(120): App\Controllers\User->rederection()
#2 C:\xampp\htdocs\eternity\system\CodeIgniter.php(824): App\Controllers\User->Login()
#3 C:\xampp\htdocs\eternity\system\CodeIgniter.php(410): CodeIgniter\CodeIgniter->runController(Object(App\Controllers\User))
#4 C:\xampp\htdocs\eternity\system\CodeIgniter.php(318): CodeIgniter\CodeIgniter->handleRequest(NULL, Object(Config\Cache), false)
#5 C:\xampp\htdocs\eternity\index.php(37): CodeIgniter\CodeIgniter->run()
#6 {main}
CRITICAL - 2022-12-28 00:29:09 --> Undefined array key 0
#0 C:\xampp\htdocs\eternity\app\Controllers\User.php(394): CodeIgniter\Debug\Exceptions->errorHandler(2, 'Undefined array...', 'C:\\xampp\\htdocs...', 394)
#1 C:\xampp\htdocs\eternity\app\Controllers\User.php(120): App\Controllers\User->rederection()
#2 C:\xampp\htdocs\eternity\system\CodeIgniter.php(824): App\Controllers\User->Login()
#3 C:\xampp\htdocs\eternity\system\CodeIgniter.php(410): CodeIgniter\CodeIgniter->runController(Object(App\Controllers\User))
#4 C:\xampp\htdocs\eternity\system\CodeIgniter.php(318): CodeIgniter\CodeIgniter->handleRequest(NULL, Object(Config\Cache), false)
#5 C:\xampp\htdocs\eternity\index.php(37): CodeIgniter\CodeIgniter->run()
#6 {main}
CRITICAL - 2022-12-28 00:29:46 --> Undefined array key 0
#0 C:\xampp\htdocs\eternity\app\Controllers\User.php(394): CodeIgniter\Debug\Exceptions->errorHandler(2, 'Undefined array...', 'C:\\xampp\\htdocs...', 394)
#1 C:\xampp\htdocs\eternity\app\Controllers\User.php(120): App\Controllers\User->rederection()
#2 C:\xampp\htdocs\eternity\system\CodeIgniter.php(824): App\Controllers\User->Login()
#3 C:\xampp\htdocs\eternity\system\CodeIgniter.php(410): CodeIgniter\CodeIgniter->runController(Object(App\Controllers\User))
#4 C:\xampp\htdocs\eternity\system\CodeIgniter.php(318): CodeIgniter\CodeIgniter->handleRequest(NULL, Object(Config\Cache), false)
#5 C:\xampp\htdocs\eternity\index.php(37): CodeIgniter\CodeIgniter->run()
#6 {main}
CRITICAL - 2022-12-28 00:30:10 --> Undefined array key 0
#0 C:\xampp\htdocs\eternity\app\Controllers\User.php(394): CodeIgniter\Debug\Exceptions->errorHandler(2, 'Undefined array...', 'C:\\xampp\\htdocs...', 394)
#1 C:\xampp\htdocs\eternity\app\Controllers\User.php(120): App\Controllers\User->rederection()
#2 C:\xampp\htdocs\eternity\system\CodeIgniter.php(824): App\Controllers\User->Login()
#3 C:\xampp\htdocs\eternity\system\CodeIgniter.php(410): CodeIgniter\CodeIgniter->runController(Object(App\Controllers\User))
#4 C:\xampp\htdocs\eternity\system\CodeIgniter.php(318): CodeIgniter\CodeIgniter->handleRequest(NULL, Object(Config\Cache), false)
#5 C:\xampp\htdocs\eternity\index.php(37): CodeIgniter\CodeIgniter->run()
#6 {main}
