CRITICAL - 2022-09-12 09:14:07 --> Cannot use object of type CodeIgniter\Database\MySQLi\Builder as array
#0 C:\xampp\htdocs\eternity\app\Controllers\User.php(69): App\Models\Usermodel->verifiedModel(Array)
#1 C:\xampp\htdocs\eternity\system\CodeIgniter.php(824): App\Controllers\User->Login()
#2 C:\xampp\htdocs\eternity\system\CodeIgniter.php(410): CodeIgniter\CodeIgniter->runController(Object(App\Controllers\User))
#3 C:\xampp\htdocs\eternity\system\CodeIgniter.php(318): CodeIgniter\CodeIgniter->handleRequest(NULL, Object(Config\Cache), false)
#4 C:\xampp\htdocs\eternity\index.php(37): CodeIgniter\CodeIgniter->run()
#5 {main}
CRITICAL - 2022-09-12 10:34:31 --> Cannot use object of type CodeIgniter\Database\MySQLi\Builder as array
#0 C:\xampp\htdocs\eternity\app\Controllers\User.php(69): App\Models\Usermodel->verifiedModel(Array)
#1 C:\xampp\htdocs\eternity\system\CodeIgniter.php(824): App\Controllers\User->Login()
#2 C:\xampp\htdocs\eternity\system\CodeIgniter.php(410): CodeIgniter\CodeIgniter->runController(Object(App\Controllers\User))
#3 C:\xampp\htdocs\eternity\system\CodeIgniter.php(318): CodeIgniter\CodeIgniter->handleRequest(NULL, Object(Config\Cache), false)
#4 C:\xampp\htdocs\eternity\index.php(37): CodeIgniter\CodeIgniter->run()
#5 {main}
CRITICAL - 2022-09-12 10:36:05 --> Cannot use object of type CodeIgniter\Database\MySQLi\Builder as array
#0 C:\xampp\htdocs\eternity\app\Controllers\User.php(69): App\Models\Usermodel->verifiedModel(Array)
#1 C:\xampp\htdocs\eternity\system\CodeIgniter.php(824): App\Controllers\User->Login()
#2 C:\xampp\htdocs\eternity\system\CodeIgniter.php(410): CodeIgniter\CodeIgniter->runController(Object(App\Controllers\User))
#3 C:\xampp\htdocs\eternity\system\CodeIgniter.php(318): CodeIgniter\CodeIgniter->handleRequest(NULL, Object(Config\Cache), false)
#4 C:\xampp\htdocs\eternity\index.php(37): CodeIgniter\CodeIgniter->run()
#5 {main}
CRITICAL - 2022-09-12 12:12:11 --> Undefined array key "c_id"
#0 C:\xampp\htdocs\eternity\app\Models\Usermodel.php(76): CodeIgniter\Debug\Exceptions->errorHandler(2, 'Undefined array...', 'C:\\xampp\\htdocs...', 76)
#1 C:\xampp\htdocs\eternity\app\Controllers\User.php(123): App\Models\Usermodel->C_profile_insert(Array)
#2 C:\xampp\htdocs\eternity\system\CodeIgniter.php(824): App\Controllers\User->Insert_com_Profile()
#3 C:\xampp\htdocs\eternity\system\CodeIgniter.php(410): CodeIgniter\CodeIgniter->runController(Object(App\Controllers\User))
#4 C:\xampp\htdocs\eternity\system\CodeIgniter.php(318): CodeIgniter\CodeIgniter->handleRequest(NULL, Object(Config\Cache), false)
#5 C:\xampp\htdocs\eternity\index.php(37): CodeIgniter\CodeIgniter->run()
#6 {main}
CRITICAL - 2022-09-12 12:12:56 --> Undefined array key "c_name"
#0 C:\xampp\htdocs\eternity\app\Models\Usermodel.php(76): CodeIgniter\Debug\Exceptions->errorHandler(2, 'Undefined array...', 'C:\\xampp\\htdocs...', 76)
#1 C:\xampp\htdocs\eternity\app\Controllers\User.php(123): App\Models\Usermodel->C_profile_insert(Array)
#2 C:\xampp\htdocs\eternity\system\CodeIgniter.php(824): App\Controllers\User->Insert_com_Profile()
#3 C:\xampp\htdocs\eternity\system\CodeIgniter.php(410): CodeIgniter\CodeIgniter->runController(Object(App\Controllers\User))
#4 C:\xampp\htdocs\eternity\system\CodeIgniter.php(318): CodeIgniter\CodeIgniter->handleRequest(NULL, Object(Config\Cache), false)
#5 C:\xampp\htdocs\eternity\index.php(37): CodeIgniter\CodeIgniter->run()
#6 {main}
CRITICAL - 2022-09-12 12:23:38 --> Undefined variable $_SESSION
#0 C:\xampp\htdocs\eternity\app\Controllers\User.php(124): CodeIgniter\Debug\Exceptions->errorHandler(2, 'Undefined varia...', 'C:\\xampp\\htdocs...', 124)
#1 C:\xampp\htdocs\eternity\system\CodeIgniter.php(824): App\Controllers\User->Insert_com_Profile()
#2 C:\xampp\htdocs\eternity\system\CodeIgniter.php(410): CodeIgniter\CodeIgniter->runController(Object(App\Controllers\User))
#3 C:\xampp\htdocs\eternity\system\CodeIgniter.php(318): CodeIgniter\CodeIgniter->handleRequest(NULL, Object(Config\Cache), false)
#4 C:\xampp\htdocs\eternity\index.php(37): CodeIgniter\CodeIgniter->run()
#5 {main}
CRITICAL - 2022-09-12 12:24:12 --> Undefined variable $_SESSION
#0 C:\xampp\htdocs\eternity\app\Controllers\User.php(124): CodeIgniter\Debug\Exceptions->errorHandler(2, 'Undefined varia...', 'C:\\xampp\\htdocs...', 124)
#1 C:\xampp\htdocs\eternity\system\CodeIgniter.php(824): App\Controllers\User->Insert_com_Profile()
#2 C:\xampp\htdocs\eternity\system\CodeIgniter.php(410): CodeIgniter\CodeIgniter->runController(Object(App\Controllers\User))
#3 C:\xampp\htdocs\eternity\system\CodeIgniter.php(318): CodeIgniter\CodeIgniter->handleRequest(NULL, Object(Config\Cache), false)
#4 C:\xampp\htdocs\eternity\index.php(37): CodeIgniter\CodeIgniter->run()
#5 {main}
CRITICAL - 2022-09-12 12:28:32 --> Undefined variable $_SESSION
#0 C:\xampp\htdocs\eternity\app\Controllers\User.php(124): CodeIgniter\Debug\Exceptions->errorHandler(2, 'Undefined varia...', 'C:\\xampp\\htdocs...', 124)
#1 C:\xampp\htdocs\eternity\system\CodeIgniter.php(824): App\Controllers\User->Insert_com_Profile()
#2 C:\xampp\htdocs\eternity\system\CodeIgniter.php(410): CodeIgniter\CodeIgniter->runController(Object(App\Controllers\User))
#3 C:\xampp\htdocs\eternity\system\CodeIgniter.php(318): CodeIgniter\CodeIgniter->handleRequest(NULL, Object(Config\Cache), false)
#4 C:\xampp\htdocs\eternity\index.php(37): CodeIgniter\CodeIgniter->run()
#5 {main}
CRITICAL - 2022-09-12 13:10:47 --> Unclosed '{' on line 149 does not match ')'
#0 C:\xampp\htdocs\eternity\system\Autoloader\Autoloader.php(241): CodeIgniter\Autoloader\Autoloader->includeFile('C:\\xampp\\htdocs...')
#1 C:\xampp\htdocs\eternity\system\Autoloader\Autoloader.php(219): CodeIgniter\Autoloader\Autoloader->loadInNamespace('App\\Controllers...')
#2 [internal function]: CodeIgniter\Autoloader\Autoloader->loadClass('App\\Controllers...')
#3 C:\xampp\htdocs\eternity\system\CodeIgniter.php(789): class_exists('\\App\\Controller...', true)
#4 C:\xampp\htdocs\eternity\system\CodeIgniter.php(397): CodeIgniter\CodeIgniter->startController()
#5 C:\xampp\htdocs\eternity\system\CodeIgniter.php(318): CodeIgniter\CodeIgniter->handleRequest(NULL, Object(Config\Cache), false)
#6 C:\xampp\htdocs\eternity\index.php(37): CodeIgniter\CodeIgniter->run()
#7 {main}
CRITICAL - 2022-09-12 13:12:57 --> Cannot use isset() on the result of an expression (you can use "null !== expression" instead)
#0 [internal function]: CodeIgniter\Debug\Exceptions->shutdownHandler()
#1 {main}
